<?xml version="1.0" encoding="UTF-8"?>
<!-- Generated by org.testng.reporters.JUnitXMLReporter -->
<testsuite hostname="USPL5VDR0L2" name="Default test" tests="1" failures="1" timestamp="9 Oct 2018 17:27:15 GMT" time="364.742" errors="0">
  <testcase name="testedozedelivery" time="307.113" classname="apptest.WP_ZeDelivery">
    <failure type="org.openqa.selenium.NoSuchElementException" message="no such element (An element could not be located on the page using the given search parameters (XPATH=&amp;apos;//*[@text=&amp;apos;Pagina Inicial&amp;apos;]&amp;apos;))  (WARNING: The server did not provide any stacktrace information)
Command duration or timeout: 5.86 seconds
For documentation on this error, please visit: http://seleniumhq.org/exceptions/no_such_element.html
Build info: version: &amp;apos;2.53.1&amp;apos;, revision: &amp;apos;a36b8b1cd5757287168e54b817830adce9b0158d&amp;apos;, time: &amp;apos;2016-06-30 19:26:09&amp;apos;
System info: host: &amp;apos;USPL5VDR0L2&amp;apos;, ip: &amp;apos;10.12.73.80&amp;apos;, os.name: &amp;apos;Windows 7&amp;apos;, os.arch: &amp;apos;amd64&amp;apos;, os.version: &amp;apos;6.1&amp;apos;, java.version: &amp;apos;1.8.0_162&amp;apos;
Driver info: io.appium.java_client.android.AndroidDriver
Capabilities [{device.majorVersion=8, dontGoHomeOnQuit=false, device.os=Android, noReset=false, dontStopAppOnReset=false, reservationDuration=240, reportFormat=xml, fullReset=false, platform=ANY, deviceUDID=0183d9629805, desired={deviceQuery=@serialnumber=&amp;apos;0183d9629805&amp;apos;, reportDirectory=reports, reportFormat=xml, platformName=Android, testName=wp_TED_ZeDelivery}, device.serialNumber=0183d9629805, locationServicesAuthorized=false, device.version=8.1.0, deviceQuery=@serialnumber=&amp;apos;0183d9629805&amp;apos;, reportDirectory=reports, autoWebview=false, platformName=Android, udid=0183d9629805, testName=wp_TED_ZeDelivery, device.screenSize=1080x1920, useKeystore=false, test.type=Mobile, cloudViewLink=http://null/agent-1875560/#/Gr0h2rP2aXNFDVxI?1
Picked up Grid Node (seetest_7789)
Reserved Device : Xiaomi Mi A1, device.manufacture=Xiaomi, instrumentApp=false, appiumVersion=1.8.0, device.category=PHONE, autoDismissAlerts=false, reportUrl=https://reporter.seetest.io/#/test/4179/project/jefferson_s_pecanha@whirlpool.com/, newSessionWaitTimeout=300, keystorePath=~/.android/debug.keystore, waitForDeviceTimeout=120000, device.model=Mi A1, device.name=Xiaomi Mi A1, autoGrantPermissions=false, projectName=, gridNodePort=7789, autoAcceptAlerts=false}]
Session ID: CLOUD-SID:2018-10-09_20-21-16-937e672d-07fd-4f6c-b474-a4d5fc6d2ed5
*** Element info: {Using=xpath, value=//*[@text=&amp;apos;Pagina Inicial&amp;apos;]}">
      <![CDATA[org.openqa.selenium.NoSuchElementException: no such element (An element could not be located on the page using the given search parameters (XPATH='//*[@text='Pagina Inicial']'))  (WARNING: The server did not provide any stacktrace information)
Command duration or timeout: 5.86 seconds
For documentation on this error, please visit: http://seleniumhq.org/exceptions/no_such_element.html
Build info: version: '2.53.1', revision: 'a36b8b1cd5757287168e54b817830adce9b0158d', time: '2016-06-30 19:26:09'
System info: host: 'USPL5VDR0L2', ip: '10.12.73.80', os.name: 'Windows 7', os.arch: 'amd64', os.version: '6.1', java.version: '1.8.0_162'
Driver info: io.appium.java_client.android.AndroidDriver
Capabilities [{device.majorVersion=8, dontGoHomeOnQuit=false, device.os=Android, noReset=false, dontStopAppOnReset=false, reservationDuration=240, reportFormat=xml, fullReset=false, platform=ANY, deviceUDID=0183d9629805, desired={deviceQuery=@serialnumber='0183d9629805', reportDirectory=reports, reportFormat=xml, platformName=Android, testName=wp_TED_ZeDelivery}, device.serialNumber=0183d9629805, locationServicesAuthorized=false, device.version=8.1.0, deviceQuery=@serialnumber='0183d9629805', reportDirectory=reports, autoWebview=false, platformName=Android, udid=0183d9629805, testName=wp_TED_ZeDelivery, device.screenSize=1080x1920, useKeystore=false, test.type=Mobile, cloudViewLink=http://null/agent-1875560/#/Gr0h2rP2aXNFDVxI?1
Picked up Grid Node (seetest_7789)
Reserved Device : Xiaomi Mi A1, device.manufacture=Xiaomi, instrumentApp=false, appiumVersion=1.8.0, device.category=PHONE, autoDismissAlerts=false, reportUrl=https://reporter.seetest.io/#/test/4179/project/jefferson_s_pecanha@whirlpool.com/, newSessionWaitTimeout=300, keystorePath=~/.android/debug.keystore, waitForDeviceTimeout=120000, device.model=Mi A1, device.name=Xiaomi Mi A1, autoGrantPermissions=false, projectName=, gridNodePort=7789, autoAcceptAlerts=false}]
Session ID: CLOUD-SID:2018-10-09_20-21-16-937e672d-07fd-4f6c-b474-a4d5fc6d2ed5
*** Element info: {Using=xpath, value=//*[@text='Pagina Inicial']}
	at sun.reflect.NativeConstructorAccessorImpl.newInstance0(Native Method)
	at sun.reflect.NativeConstructorAccessorImpl.newInstance(Unknown Source)
	at sun.reflect.DelegatingConstructorAccessorImpl.newInstance(Unknown Source)
	at java.lang.reflect.Constructor.newInstance(Unknown Source)
	at org.openqa.selenium.remote.ErrorHandler.createThrowable(ErrorHandler.java:206)
	at org.openqa.selenium.remote.ErrorHandler.throwIfResponseFailed(ErrorHandler.java:158)
	at org.openqa.selenium.remote.RemoteWebDriver.execute(RemoteWebDriver.java:678)
	at io.appium.java_client.DefaultGenericMobileDriver.execute(DefaultGenericMobileDriver.java:40)
	at io.appium.java_client.AppiumDriver.execute(AppiumDriver.java:1)
	at io.appium.java_client.android.AndroidDriver.execute(AndroidDriver.java:1)
	at org.openqa.selenium.remote.RemoteWebDriver.findElement(RemoteWebDriver.java:363)
	at io.appium.java_client.DefaultGenericMobileDriver.findElement(DefaultGenericMobileDriver.java:56)
	at io.appium.java_client.AppiumDriver.findElement(AppiumDriver.java:1)
	at io.appium.java_client.android.AndroidDriver.findElement(AndroidDriver.java:1)
	at org.openqa.selenium.remote.RemoteWebDriver.findElementByXPath(RemoteWebDriver.java:500)
	at io.appium.java_client.DefaultGenericMobileDriver.findElementByXPath(DefaultGenericMobileDriver.java:134)
	at io.appium.java_client.AppiumDriver.findElementByXPath(AppiumDriver.java:1)
	at io.appium.java_client.android.AndroidDriver.findElementByXPath(AndroidDriver.java:1)
	at org.openqa.selenium.By$ByXPath.findElement(By.java:361)
	at org.openqa.selenium.remote.RemoteWebDriver.findElement(RemoteWebDriver.java:355)
	at io.appium.java_client.DefaultGenericMobileDriver.findElement(DefaultGenericMobileDriver.java:52)
	at io.appium.java_client.AppiumDriver.findElement(AppiumDriver.java:1)
	at io.appium.java_client.android.AndroidDriver.findElement(AndroidDriver.java:1)
	at apptest.WP_ZeDelivery.testedozedelivery(WP_ZeDelivery.java:86)
	at sun.reflect.NativeMethodAccessorImpl.invoke0(Native Method)
	at sun.reflect.NativeMethodAccessorImpl.invoke(Unknown Source)
	at sun.reflect.DelegatingMethodAccessorImpl.invoke(Unknown Source)
	at java.lang.reflect.Method.invoke(Unknown Source)
	at org.testng.internal.MethodInvocationHelper.invokeMethod(MethodInvocationHelper.java:85)
	at org.testng.internal.Invoker.invokeMethod(Invoker.java:639)
	at org.testng.internal.Invoker.invokeTestMethod(Invoker.java:816)
	at org.testng.internal.Invoker.invokeTestMethods(Invoker.java:1124)
	at org.testng.internal.TestMethodWorker.invokeTestMethods(TestMethodWorker.java:125)
	at org.testng.internal.TestMethodWorker.run(TestMethodWorker.java:108)
	at org.testng.TestRunner.privateRun(TestRunner.java:774)
	at org.testng.TestRunner.run(TestRunner.java:624)
	at org.testng.SuiteRunner.runTest(SuiteRunner.java:359)
	at org.testng.SuiteRunner.runSequentially(SuiteRunner.java:354)
	at org.testng.SuiteRunner.privateRun(SuiteRunner.java:312)
	at org.testng.SuiteRunner.run(SuiteRunner.java:261)
	at org.testng.SuiteRunnerWorker.runSuite(SuiteRunnerWorker.java:52)
	at org.testng.SuiteRunnerWorker.run(SuiteRunnerWorker.java:86)
	at org.testng.TestNG.runSuitesSequentially(TestNG.java:1215)
	at org.testng.TestNG.runSuitesLocally(TestNG.java:1140)
	at org.testng.TestNG.run(TestNG.java:1048)
	at org.testng.remote.AbstractRemoteTestNG.run(AbstractRemoteTestNG.java:114)
	at org.testng.remote.RemoteTestNG.initAndRun(RemoteTestNG.java:251)
	at org.testng.remote.RemoteTestNG.main(RemoteTestNG.java:77)
]]>
    </failure>
  </testcase> <!-- testedozedelivery -->
</testsuite> <!-- Default test -->
