<?xml version="1.0" encoding="UTF-8"?>
<!-- Generated by org.testng.reporters.JUnitXMLReporter -->
<testsuite hostname="USPL5VDR0L2" name="Default test" tests="1" failures="0" timestamp="4 Apr 2018 19:41:02 GMT" time="28.217" errors="0">
  <testcase name="@AfterMethod tearDown" time="0.0" classname="apptest.WP_DesinstalacaoApp">
    <failure type="org.openqa.selenium.WebDriverException" message="Could not forward request http://62.90.196.21:7825/wd/hub/session/CLOUD-SID:2018-04-04_22-40-40-66a142b6-969d-48e9-97e4-c6295c093ba5/execute for session CLOUD-SID:2018-04-04_22-40-40-66a142b6-969d-48e9-97e4-c6295c093ba5 (WARNING: The server did not provide any stacktrace information)
Command duration or timeout: 1.24 seconds
Build info: version: &amp;apos;2.53.1&amp;apos;, revision: &amp;apos;a36b8b1cd5757287168e54b817830adce9b0158d&amp;apos;, time: &amp;apos;2016-06-30 19:26:09&amp;apos;
System info: host: &amp;apos;USPL5VDR0L2&amp;apos;, ip: &amp;apos;10.12.231.188&amp;apos;, os.name: &amp;apos;Windows 7&amp;apos;, os.arch: &amp;apos;amd64&amp;apos;, os.version: &amp;apos;6.1&amp;apos;, java.version: &amp;apos;1.8.0_162&amp;apos;
Driver info: io.appium.java_client.android.AndroidDriver
Capabilities [{device.majorVersion=7.0.x, dontGoHomeOnQuit=false, device.os=Android, noReset=false, dontStopAppOnReset=false, reservationDuration=240, reportFormat=xml, fullReset=false, platform=ANY, desired={deviceQuery=@serialnumber=&amp;apos;1115fbd4746c2f05&amp;apos;, reportDirectory=reports, reportFormat=xml, platformName=Android, testName=wp_TED_GalaxyS6PlusDesinstalacaoApp}, device.serialNumber=1115fbd4746c2f05, locationServicesAuthorized=false, device.version=7.0, deviceQuery=@serialnumber=&amp;apos;1115fbd4746c2f05&amp;apos;, reportDirectory=reports, autoWebview=false, platformName=Android, testName=wp_TED_GalaxyS6PlusDesinstalacaoApp, device.screenSize=1080x1920, useKeystore=false, cloudViewLink=http://null/agent-159035/#/9AhFHbJ89LR0iY0S?1
Picked up Grid Node (seetest_7825)
Reserved Device : Samsung Galaxy S6 Edge Plus, device.manufacture=samsung, instrumentApp=false, device.category=PHONE, autoDismissAlerts=false, reportUrl=http://reporter.seetest.io/#/test/832, keystorePath=~/.android/debug.keystore, waitForDeviceTimeout=120000, device.model=SM-G928C, device.name=Samsung Galaxy S6 Edge Plus, projectName=, gridNodePort=7825, autoAcceptAlerts=false}]
Session ID: CLOUD-SID:2018-04-04_22-40-40-66a142b6-969d-48e9-97e4-c6295c093ba5">
      <![CDATA[org.openqa.selenium.WebDriverException: Could not forward request http://62.90.196.21:7825/wd/hub/session/CLOUD-SID:2018-04-04_22-40-40-66a142b6-969d-48e9-97e4-c6295c093ba5/execute for session CLOUD-SID:2018-04-04_22-40-40-66a142b6-969d-48e9-97e4-c6295c093ba5 (WARNING: The server did not provide any stacktrace information)
Command duration or timeout: 1.24 seconds
Build info: version: '2.53.1', revision: 'a36b8b1cd5757287168e54b817830adce9b0158d', time: '2016-06-30 19:26:09'
System info: host: 'USPL5VDR0L2', ip: '10.12.231.188', os.name: 'Windows 7', os.arch: 'amd64', os.version: '6.1', java.version: '1.8.0_162'
Driver info: io.appium.java_client.android.AndroidDriver
Capabilities [{device.majorVersion=7.0.x, dontGoHomeOnQuit=false, device.os=Android, noReset=false, dontStopAppOnReset=false, reservationDuration=240, reportFormat=xml, fullReset=false, platform=ANY, desired={deviceQuery=@serialnumber='1115fbd4746c2f05', reportDirectory=reports, reportFormat=xml, platformName=Android, testName=wp_TED_GalaxyS6PlusDesinstalacaoApp}, device.serialNumber=1115fbd4746c2f05, locationServicesAuthorized=false, device.version=7.0, deviceQuery=@serialnumber='1115fbd4746c2f05', reportDirectory=reports, autoWebview=false, platformName=Android, testName=wp_TED_GalaxyS6PlusDesinstalacaoApp, device.screenSize=1080x1920, useKeystore=false, cloudViewLink=http://null/agent-159035/#/9AhFHbJ89LR0iY0S?1
Picked up Grid Node (seetest_7825)
Reserved Device : Samsung Galaxy S6 Edge Plus, device.manufacture=samsung, instrumentApp=false, device.category=PHONE, autoDismissAlerts=false, reportUrl=http://reporter.seetest.io/#/test/832, keystorePath=~/.android/debug.keystore, waitForDeviceTimeout=120000, device.model=SM-G928C, device.name=Samsung Galaxy S6 Edge Plus, projectName=, gridNodePort=7825, autoAcceptAlerts=false}]
Session ID: CLOUD-SID:2018-04-04_22-40-40-66a142b6-969d-48e9-97e4-c6295c093ba5
	at sun.reflect.NativeConstructorAccessorImpl.newInstance0(Native Method)
	at sun.reflect.NativeConstructorAccessorImpl.newInstance(Unknown Source)
	at sun.reflect.DelegatingConstructorAccessorImpl.newInstance(Unknown Source)
	at java.lang.reflect.Constructor.newInstance(Unknown Source)
	at org.openqa.selenium.remote.ErrorHandler.createThrowable(ErrorHandler.java:206)
	at org.openqa.selenium.remote.ErrorHandler.throwIfResponseFailed(ErrorHandler.java:158)
	at org.openqa.selenium.remote.RemoteWebDriver.execute(RemoteWebDriver.java:678)
	at io.appium.java_client.DefaultGenericMobileDriver.execute(DefaultGenericMobileDriver.java:40)
	at io.appium.java_client.AppiumDriver.execute(AppiumDriver.java:1)
	at io.appium.java_client.android.AndroidDriver.execute(AndroidDriver.java:1)
	at org.openqa.selenium.remote.RemoteWebDriver.executeScript(RemoteWebDriver.java:577)
	at com.experitest.appium.SeeTestClient.execute(SeeTestClient.java:31)
	at com.experitest.appium.SeeTestClient.execute(SeeTestClient.java:27)
	at com.experitest.appium.SeeTestClient.releaseDevice(SeeTestClient.java:472)
	at apptest.WP_DesinstalacaoApp.tearDown(WP_DesinstalacaoApp.java:68)
	at sun.reflect.NativeMethodAccessorImpl.invoke0(Native Method)
	at sun.reflect.NativeMethodAccessorImpl.invoke(Unknown Source)
	at sun.reflect.DelegatingMethodAccessorImpl.invoke(Unknown Source)
	at java.lang.reflect.Method.invoke(Unknown Source)
	at org.testng.internal.MethodInvocationHelper.invokeMethod(MethodInvocationHelper.java:85)
	at org.testng.internal.Invoker.invokeConfigurationMethod(Invoker.java:510)
	at org.testng.internal.Invoker.invokeConfigurations(Invoker.java:211)
	at org.testng.internal.Invoker.invokeMethod(Invoker.java:703)
	at org.testng.internal.Invoker.invokeTestMethod(Invoker.java:816)
	at org.testng.internal.Invoker.invokeTestMethods(Invoker.java:1124)
	at org.testng.internal.TestMethodWorker.invokeTestMethods(TestMethodWorker.java:125)
	at org.testng.internal.TestMethodWorker.run(TestMethodWorker.java:108)
	at org.testng.TestRunner.privateRun(TestRunner.java:774)
	at org.testng.TestRunner.run(TestRunner.java:624)
	at org.testng.SuiteRunner.runTest(SuiteRunner.java:359)
	at org.testng.SuiteRunner.runSequentially(SuiteRunner.java:354)
	at org.testng.SuiteRunner.privateRun(SuiteRunner.java:312)
	at org.testng.SuiteRunner.run(SuiteRunner.java:261)
	at org.testng.SuiteRunnerWorker.runSuite(SuiteRunnerWorker.java:52)
	at org.testng.SuiteRunnerWorker.run(SuiteRunnerWorker.java:86)
	at org.testng.TestNG.runSuitesSequentially(TestNG.java:1215)
	at org.testng.TestNG.runSuitesLocally(TestNG.java:1140)
	at org.testng.TestNG.run(TestNG.java:1048)
	at org.testng.remote.AbstractRemoteTestNG.run(AbstractRemoteTestNG.java:114)
	at org.testng.remote.RemoteTestNG.initAndRun(RemoteTestNG.java:251)
	at org.testng.remote.RemoteTestNG.main(RemoteTestNG.java:77)
]]>
    </failure>
  </testcase> <!-- @AfterMethod tearDown -->
  <testcase name="desinstalar" time="2.546" classname="apptest.WP_DesinstalacaoApp"/>
</testsuite> <!-- Default test -->
