<?xml version="1.0" encoding="UTF-8"?>
<!-- Generated by org.testng.reporters.JUnitXMLReporter -->
<testsuite hostname="USPL5VDR0L2" name="Default test" tests="1" failures="1" timestamp="3 May 2018 11:23:58 GMT" time="187.113" errors="0">
  <testcase name="testTeste_recuperar_senha_e_logar" time="130.295" classname="apptest.WP_RecuperarSenha">
    <failure type="org.openqa.selenium.NoSuchElementException" message="no such element (An element could not be located on the page using the given search parameters (XPATH=&amp;apos;//*[@id=&amp;apos;new_password&amp;apos;]&amp;apos;))  (WARNING: The server did not provide any stacktrace information)
Command duration or timeout: 2.39 seconds
For documentation on this error, please visit: http://seleniumhq.org/exceptions/no_such_element.html
Build info: version: &amp;apos;2.53.1&amp;apos;, revision: &amp;apos;a36b8b1cd5757287168e54b817830adce9b0158d&amp;apos;, time: &amp;apos;2016-06-30 19:26:09&amp;apos;
System info: host: &amp;apos;USPL5VDR0L2&amp;apos;, ip: &amp;apos;192.168.56.1&amp;apos;, os.name: &amp;apos;Windows 7&amp;apos;, os.arch: &amp;apos;amd64&amp;apos;, os.version: &amp;apos;6.1&amp;apos;, java.version: &amp;apos;1.8.0_162&amp;apos;
Driver info: io.appium.java_client.android.AndroidDriver
Capabilities [{device.majorVersion=8.0.x, dontGoHomeOnQuit=false, device.os=Android, noReset=false, dontStopAppOnReset=false, reservationDuration=240, reportFormat=xml, fullReset=false, platform=ANY, desired={deviceQuery=@serialnumber=&amp;apos;19ec8ce614047ece&amp;apos;or@serialnumber=&amp;apos;ad06160309316a7a49&amp;apos;or@serialnumber=&amp;apos;011ef446b34c250f&amp;apos;or@serialnumber=&amp;apos;9886674e5258475a46&amp;apos;or@serialnumber=&amp;apos;ce061716ba5f3cdd0d7e&amp;apos;or@serialnumber=&amp;apos;LGH85056416a94&amp;apos;or@serialnumber=&amp;apos;98866742375a394e33&amp;apos;, reportDirectory=reports, reportFormat=xml, platformName=Android, testName=wp_TED_SamsungRecuperarSenha}, device.serialNumber=19ec8ce614047ece, locationServicesAuthorized=false, device.version=8.0.0, deviceQuery=@serialnumber=&amp;apos;19ec8ce614047ece&amp;apos;or@serialnumber=&amp;apos;ad06160309316a7a49&amp;apos;or@serialnumber=&amp;apos;011ef446b34c250f&amp;apos;or@serialnumber=&amp;apos;9886674e5258475a46&amp;apos;or@serialnumber=&amp;apos;ce061716ba5f3cdd0d7e&amp;apos;or@serialnumber=&amp;apos;LGH85056416a94&amp;apos;or@serialnumber=&amp;apos;98866742375a394e33&amp;apos;, reportDirectory=reports, autoWebview=false, platformName=Android, testName=wp_TED_SamsungRecuperarSenha, device.screenSize=1440x2960, useKeystore=false, cloudViewLink=http://null/agent-282084/#/JcM48Zj7Ty5JKBdd?1
Picked up Grid Node (seetest_7801)
Reserved Device : Samsung Galaxy S9 Plus, device.manufacture=samsung, instrumentApp=false, device.category=PHONE, autoDismissAlerts=false, reportUrl=http://reporter.seetest.io/#/test/1781, keystorePath=~/.android/debug.keystore, waitForDeviceTimeout=120000, device.model=SM-G965F, device.name=Samsung Galaxy S9 Plus, autoGrantPermissions=false, projectName=, gridNodePort=7801, autoAcceptAlerts=false}]
Session ID: CLOUD-SID:2018-05-03_14-21-09-6bd9364e-1857-47d3-a8b1-f85c75300a8f
*** Element info: {Using=xpath, value=//*[@id=&amp;apos;new_password&amp;apos;]}">
      <![CDATA[org.openqa.selenium.NoSuchElementException: no such element (An element could not be located on the page using the given search parameters (XPATH='//*[@id='new_password']'))  (WARNING: The server did not provide any stacktrace information)
Command duration or timeout: 2.39 seconds
For documentation on this error, please visit: http://seleniumhq.org/exceptions/no_such_element.html
Build info: version: '2.53.1', revision: 'a36b8b1cd5757287168e54b817830adce9b0158d', time: '2016-06-30 19:26:09'
System info: host: 'USPL5VDR0L2', ip: '192.168.56.1', os.name: 'Windows 7', os.arch: 'amd64', os.version: '6.1', java.version: '1.8.0_162'
Driver info: io.appium.java_client.android.AndroidDriver
Capabilities [{device.majorVersion=8.0.x, dontGoHomeOnQuit=false, device.os=Android, noReset=false, dontStopAppOnReset=false, reservationDuration=240, reportFormat=xml, fullReset=false, platform=ANY, desired={deviceQuery=@serialnumber='19ec8ce614047ece'or@serialnumber='ad06160309316a7a49'or@serialnumber='011ef446b34c250f'or@serialnumber='9886674e5258475a46'or@serialnumber='ce061716ba5f3cdd0d7e'or@serialnumber='LGH85056416a94'or@serialnumber='98866742375a394e33', reportDirectory=reports, reportFormat=xml, platformName=Android, testName=wp_TED_SamsungRecuperarSenha}, device.serialNumber=19ec8ce614047ece, locationServicesAuthorized=false, device.version=8.0.0, deviceQuery=@serialnumber='19ec8ce614047ece'or@serialnumber='ad06160309316a7a49'or@serialnumber='011ef446b34c250f'or@serialnumber='9886674e5258475a46'or@serialnumber='ce061716ba5f3cdd0d7e'or@serialnumber='LGH85056416a94'or@serialnumber='98866742375a394e33', reportDirectory=reports, autoWebview=false, platformName=Android, testName=wp_TED_SamsungRecuperarSenha, device.screenSize=1440x2960, useKeystore=false, cloudViewLink=http://null/agent-282084/#/JcM48Zj7Ty5JKBdd?1
Picked up Grid Node (seetest_7801)
Reserved Device : Samsung Galaxy S9 Plus, device.manufacture=samsung, instrumentApp=false, device.category=PHONE, autoDismissAlerts=false, reportUrl=http://reporter.seetest.io/#/test/1781, keystorePath=~/.android/debug.keystore, waitForDeviceTimeout=120000, device.model=SM-G965F, device.name=Samsung Galaxy S9 Plus, autoGrantPermissions=false, projectName=, gridNodePort=7801, autoAcceptAlerts=false}]
Session ID: CLOUD-SID:2018-05-03_14-21-09-6bd9364e-1857-47d3-a8b1-f85c75300a8f
*** Element info: {Using=xpath, value=//*[@id='new_password']}
	at sun.reflect.NativeConstructorAccessorImpl.newInstance0(Native Method)
	at sun.reflect.NativeConstructorAccessorImpl.newInstance(Unknown Source)
	at sun.reflect.DelegatingConstructorAccessorImpl.newInstance(Unknown Source)
	at java.lang.reflect.Constructor.newInstance(Unknown Source)
	at org.openqa.selenium.remote.ErrorHandler.createThrowable(ErrorHandler.java:206)
	at org.openqa.selenium.remote.ErrorHandler.throwIfResponseFailed(ErrorHandler.java:158)
	at org.openqa.selenium.remote.RemoteWebDriver.execute(RemoteWebDriver.java:678)
	at io.appium.java_client.DefaultGenericMobileDriver.execute(DefaultGenericMobileDriver.java:40)
	at io.appium.java_client.AppiumDriver.execute(AppiumDriver.java:1)
	at io.appium.java_client.android.AndroidDriver.execute(AndroidDriver.java:1)
	at org.openqa.selenium.remote.RemoteWebDriver.findElement(RemoteWebDriver.java:363)
	at io.appium.java_client.DefaultGenericMobileDriver.findElement(DefaultGenericMobileDriver.java:56)
	at io.appium.java_client.AppiumDriver.findElement(AppiumDriver.java:1)
	at io.appium.java_client.android.AndroidDriver.findElement(AndroidDriver.java:1)
	at org.openqa.selenium.remote.RemoteWebDriver.findElementByXPath(RemoteWebDriver.java:500)
	at io.appium.java_client.DefaultGenericMobileDriver.findElementByXPath(DefaultGenericMobileDriver.java:134)
	at io.appium.java_client.AppiumDriver.findElementByXPath(AppiumDriver.java:1)
	at io.appium.java_client.android.AndroidDriver.findElementByXPath(AndroidDriver.java:1)
	at org.openqa.selenium.By$ByXPath.findElement(By.java:361)
	at org.openqa.selenium.remote.RemoteWebDriver.findElement(RemoteWebDriver.java:355)
	at io.appium.java_client.DefaultGenericMobileDriver.findElement(DefaultGenericMobileDriver.java:52)
	at io.appium.java_client.AppiumDriver.findElement(AppiumDriver.java:1)
	at io.appium.java_client.android.AndroidDriver.findElement(AndroidDriver.java:1)
	at apptest.WP_RecuperarSenha.testTeste_recuperar_senha_e_logar(WP_RecuperarSenha.java:86)
	at sun.reflect.NativeMethodAccessorImpl.invoke0(Native Method)
	at sun.reflect.NativeMethodAccessorImpl.invoke(Unknown Source)
	at sun.reflect.DelegatingMethodAccessorImpl.invoke(Unknown Source)
	at java.lang.reflect.Method.invoke(Unknown Source)
	at org.testng.internal.MethodInvocationHelper.invokeMethod(MethodInvocationHelper.java:85)
	at org.testng.internal.Invoker.invokeMethod(Invoker.java:639)
	at org.testng.internal.Invoker.invokeTestMethod(Invoker.java:816)
	at org.testng.internal.Invoker.invokeTestMethods(Invoker.java:1124)
	at org.testng.internal.TestMethodWorker.invokeTestMethods(TestMethodWorker.java:125)
	at org.testng.internal.TestMethodWorker.run(TestMethodWorker.java:108)
	at org.testng.TestRunner.privateRun(TestRunner.java:774)
	at org.testng.TestRunner.run(TestRunner.java:624)
	at org.testng.SuiteRunner.runTest(SuiteRunner.java:359)
	at org.testng.SuiteRunner.runSequentially(SuiteRunner.java:354)
	at org.testng.SuiteRunner.privateRun(SuiteRunner.java:312)
	at org.testng.SuiteRunner.run(SuiteRunner.java:261)
	at org.testng.SuiteRunnerWorker.runSuite(SuiteRunnerWorker.java:52)
	at org.testng.SuiteRunnerWorker.run(SuiteRunnerWorker.java:86)
	at org.testng.TestNG.runSuitesSequentially(TestNG.java:1215)
	at org.testng.TestNG.runSuitesLocally(TestNG.java:1140)
	at org.testng.TestNG.run(TestNG.java:1048)
	at org.testng.remote.AbstractRemoteTestNG.run(AbstractRemoteTestNG.java:114)
	at org.testng.remote.RemoteTestNG.initAndRun(RemoteTestNG.java:251)
	at org.testng.remote.RemoteTestNG.main(RemoteTestNG.java:77)
]]>
    </failure>
  </testcase> <!-- testTeste_recuperar_senha_e_logar -->
</testsuite> <!-- Default test -->
