<?xml version="1.0" encoding="UTF-8"?>
<testng-results skipped="0" failed="0" total="1" passed="1">
  <reporter-output>
  </reporter-output>
  <suite name="Default suite" duration-ms="193070" started-at="2018-04-12T11:34:25Z" finished-at="2018-04-12T11:37:38Z">
    <groups>
    </groups>
    <test name="Default test" duration-ms="193070" started-at="2018-04-12T11:34:25Z" finished-at="2018-04-12T11:37:38Z">
      <class name="apptest.WP_RecuperarSenha">
        <test-method status="PASS" signature="setUp(java.lang.String)[pri:0, instance:apptest.WP_RecuperarSenha@3c0f93f1]" name="setUp" is-config="true" duration-ms="43100" started-at="2018-04-12T08:34:25Z" finished-at="2018-04-12T08:35:08Z">
          <params>
            <param index="0">
              <value>
                <![CDATA[@os='android']]>
              </value>
            </param>
          </params>
          <reporter-output>
          </reporter-output>
        </test-method> <!-- setUp -->
        <test-method status="PASS" signature="testTeste_recuperar_senha_e_logar()[pri:0, instance:apptest.WP_RecuperarSenha@3c0f93f1]" name="testTeste_recuperar_senha_e_logar" duration-ms="134587" started-at="2018-04-12T08:35:08Z" finished-at="2018-04-12T08:37:23Z">
          <reporter-output>
          </reporter-output>
        </test-method> <!-- testTeste_recuperar_senha_e_logar -->
        <test-method status="PASS" signature="tearDown(org.testng.ITestResult)[pri:0, instance:apptest.WP_RecuperarSenha@3c0f93f1]" name="tearDown" is-config="true" duration-ms="15353" started-at="2018-04-12T08:37:23Z" finished-at="2018-04-12T08:37:38Z">
          <params>
            <param index="0">
              <value>
                <![CDATA[[TestResult name=testTeste_recuperar_senha_e_logar status=SUCCESS method=WP_RecuperarSenha.testTeste_recuperar_senha_e_logar()[pri:0, instance:apptest.WP_RecuperarSenha@3c0f93f1] output={null}]]]>
              </value>
            </param>
          </params>
          <reporter-output>
          </reporter-output>
        </test-method> <!-- tearDown -->
      </class> <!-- apptest.WP_RecuperarSenha -->
    </test> <!-- Default test -->
  </suite> <!-- Default suite -->
</testng-results>
