<?xml version="1.0" encoding="UTF-8"?>
<testng-results skipped="0" failed="0" total="1" passed="1">
  <reporter-output>
  </reporter-output>
  <suite name="Default suite" duration-ms="189873" started-at="2018-03-02T11:51:05Z" finished-at="2018-03-02T11:54:15Z">
    <groups>
    </groups>
    <test name="Default test" duration-ms="189873" started-at="2018-03-02T11:51:05Z" finished-at="2018-03-02T11:54:15Z">
      <class name="com.experitest.auto.Teste_recuperar_senha">
        <test-method status="PASS" signature="setUp(java.lang.String)[pri:0, instance:com.experitest.auto.Teste_recuperar_senha@a67c67e]" name="setUp" is-config="true" duration-ms="24029" started-at="2018-03-02T08:51:05Z" finished-at="2018-03-02T08:51:29Z">
          <params>
            <param index="0">
              <value>
                <![CDATA[@os='android']]>
              </value>
            </param>
          </params>
          <reporter-output>
          </reporter-output>
        </test-method> <!-- setUp -->
        <test-method status="PASS" signature="testTeste_recuperar_senha_e_logar()[pri:0, instance:com.experitest.auto.Teste_recuperar_senha@a67c67e]" name="testTeste_recuperar_senha_e_logar" duration-ms="165291" started-at="2018-03-02T08:51:29Z" finished-at="2018-03-02T08:54:15Z">
          <reporter-output>
          </reporter-output>
        </test-method> <!-- testTeste_recuperar_senha_e_logar -->
        <test-method status="FAIL" signature="tearDown(org.testng.ITestResult)[pri:0, instance:com.experitest.auto.Teste_recuperar_senha@a67c67e]" name="tearDown" is-config="true" duration-ms="0" started-at="2018-03-02T08:54:15Z" finished-at="2018-03-02T08:54:15Z">
          <params>
            <param index="0">
              <value>
                <![CDATA[[TestResult name=testTeste_recuperar_senha_e_logar status=SUCCESS method=Teste_recuperar_senha.testTeste_recuperar_senha_e_logar()[pri:0, instance:com.experitest.auto.Teste_recuperar_senha@a67c67e] output={null}]]]>
              </value>
            </param>
          </params>
          <exception class="org.openqa.selenium.WebDriverException">
            <message>
              <![CDATA[javascript error (javascript error. TypeError: client.setTestData is not a function in <eval> at line number 1)  (WARNING: The server did not provide any stacktrace information)
Command duration or timeout: 509 milliseconds
Build info: version: '2.53.1', revision: 'a36b8b1cd5757287168e54b817830adce9b0158d', time: '2016-06-30 19:26:09'
System info: host: 'USPL5VDR0L2', ip: '192.168.56.1', os.name: 'Windows 7', os.arch: 'amd64', os.version: '6.1', java.version: '1.8.0_162'
Driver info: io.appium.java_client.android.AndroidDriver
Capabilities [{appPackage=com.consul.android.smartbeer.staging, device.majorVersion=7.0.x, dontGoHomeOnQuit=false, device.os=Android, noReset=false, dontStopAppOnReset=false, reservationDuration=240, reportFormat=xml, fullReset=false, platform=ANY, desired={app=cloud:com.consul.android.smartbeer.staging/com.whirlpool.ted.View.SplashActivity, appPackage=com.consul.android.smartbeer.staging, appActivity=com.whirlpool.ted.View.SplashActivity, deviceQuery=@serialnumber='ad06160309316a7a49', reportDirectory=reports, reportFormat=xml, platformName=Android, testName=AndroidDemoTest}, device.serialNumber=ad06160309316a7a49, locationServicesAuthorized=false, device.version=7.0, deviceQuery=@serialnumber='ad06160309316a7a49', reportDirectory=reports, autoWebview=false, platformName=Android, testName=AndroidDemoTest, device.screenSize=1080x1920, useKeystore=false, app=cloud:com.consul.android.smartbeer.staging/com.whirlpool.ted.View.SplashActivity, device.manufacture=samsung, instrumentApp=false, device.category=PHONE, autoDismissAlerts=false, reportUrl=http://reporter.seetest.io/#/test/18, app.package=com.consul.android.smartbeer.staging/com.whirlpool.ted.View.SplashActivity, keystorePath=~/.android/debug.keystore, appActivity=com.whirlpool.ted.View.SplashActivity, waitForDeviceTimeout=120000, device.model=SM-G930F, device.name=Samsung Galaxy S7, projectName=, gridNodePort=7831, autoAcceptAlerts=false}]
Session ID: CLOUD-SID:2018-03-02_12-37-16-1d05b6e4-86b1-42d7-b244-5ce2d6e6495e]]>
            </message>
            <full-stacktrace>
              <![CDATA[org.openqa.selenium.WebDriverException: javascript error (javascript error. TypeError: client.setTestData is not a function in <eval> at line number 1)  (WARNING: The server did not provide any stacktrace information)
Command duration or timeout: 509 milliseconds
Build info: version: '2.53.1', revision: 'a36b8b1cd5757287168e54b817830adce9b0158d', time: '2016-06-30 19:26:09'
System info: host: 'USPL5VDR0L2', ip: '192.168.56.1', os.name: 'Windows 7', os.arch: 'amd64', os.version: '6.1', java.version: '1.8.0_162'
Driver info: io.appium.java_client.android.AndroidDriver
Capabilities [{appPackage=com.consul.android.smartbeer.staging, device.majorVersion=7.0.x, dontGoHomeOnQuit=false, device.os=Android, noReset=false, dontStopAppOnReset=false, reservationDuration=240, reportFormat=xml, fullReset=false, platform=ANY, desired={app=cloud:com.consul.android.smartbeer.staging/com.whirlpool.ted.View.SplashActivity, appPackage=com.consul.android.smartbeer.staging, appActivity=com.whirlpool.ted.View.SplashActivity, deviceQuery=@serialnumber='ad06160309316a7a49', reportDirectory=reports, reportFormat=xml, platformName=Android, testName=AndroidDemoTest}, device.serialNumber=ad06160309316a7a49, locationServicesAuthorized=false, device.version=7.0, deviceQuery=@serialnumber='ad06160309316a7a49', reportDirectory=reports, autoWebview=false, platformName=Android, testName=AndroidDemoTest, device.screenSize=1080x1920, useKeystore=false, app=cloud:com.consul.android.smartbeer.staging/com.whirlpool.ted.View.SplashActivity, device.manufacture=samsung, instrumentApp=false, device.category=PHONE, autoDismissAlerts=false, reportUrl=http://reporter.seetest.io/#/test/18, app.package=com.consul.android.smartbeer.staging/com.whirlpool.ted.View.SplashActivity, keystorePath=~/.android/debug.keystore, appActivity=com.whirlpool.ted.View.SplashActivity, waitForDeviceTimeout=120000, device.model=SM-G930F, device.name=Samsung Galaxy S7, projectName=, gridNodePort=7831, autoAcceptAlerts=false}]
Session ID: CLOUD-SID:2018-03-02_12-37-16-1d05b6e4-86b1-42d7-b244-5ce2d6e6495e
	at sun.reflect.NativeConstructorAccessorImpl.newInstance0(Native Method)
	at sun.reflect.NativeConstructorAccessorImpl.newInstance(Unknown Source)
	at sun.reflect.DelegatingConstructorAccessorImpl.newInstance(Unknown Source)
	at java.lang.reflect.Constructor.newInstance(Unknown Source)
	at org.openqa.selenium.remote.ErrorHandler.createThrowable(ErrorHandler.java:206)
	at org.openqa.selenium.remote.ErrorHandler.throwIfResponseFailed(ErrorHandler.java:158)
	at org.openqa.selenium.remote.RemoteWebDriver.execute(RemoteWebDriver.java:678)
	at io.appium.java_client.DefaultGenericMobileDriver.execute(DefaultGenericMobileDriver.java:40)
	at io.appium.java_client.AppiumDriver.execute(AppiumDriver.java:1)
	at io.appium.java_client.android.AndroidDriver.execute(AndroidDriver.java:1)
	at org.openqa.selenium.remote.RemoteWebDriver.executeScript(RemoteWebDriver.java:577)
	at com.experitest.auto.Teste_recuperar_senha.tearDown(Teste_recuperar_senha.java:171)
	at sun.reflect.NativeMethodAccessorImpl.invoke0(Native Method)
	at sun.reflect.NativeMethodAccessorImpl.invoke(Unknown Source)
	at sun.reflect.DelegatingMethodAccessorImpl.invoke(Unknown Source)
	at java.lang.reflect.Method.invoke(Unknown Source)
	at org.testng.internal.MethodInvocationHelper.invokeMethod(MethodInvocationHelper.java:85)
	at org.testng.internal.Invoker.invokeConfigurationMethod(Invoker.java:510)
	at org.testng.internal.Invoker.invokeConfigurations(Invoker.java:211)
	at org.testng.internal.Invoker.invokeMethod(Invoker.java:703)
	at org.testng.internal.Invoker.invokeTestMethod(Invoker.java:816)
	at org.testng.internal.Invoker.invokeTestMethods(Invoker.java:1124)
	at org.testng.internal.TestMethodWorker.invokeTestMethods(TestMethodWorker.java:125)
	at org.testng.internal.TestMethodWorker.run(TestMethodWorker.java:108)
	at org.testng.TestRunner.privateRun(TestRunner.java:774)
	at org.testng.TestRunner.run(TestRunner.java:624)
	at org.testng.SuiteRunner.runTest(SuiteRunner.java:359)
	at org.testng.SuiteRunner.runSequentially(SuiteRunner.java:354)
	at org.testng.SuiteRunner.privateRun(SuiteRunner.java:312)
	at org.testng.SuiteRunner.run(SuiteRunner.java:261)
	at org.testng.SuiteRunnerWorker.runSuite(SuiteRunnerWorker.java:52)
	at org.testng.SuiteRunnerWorker.run(SuiteRunnerWorker.java:86)
	at org.testng.TestNG.runSuitesSequentially(TestNG.java:1215)
	at org.testng.TestNG.runSuitesLocally(TestNG.java:1140)
	at org.testng.TestNG.run(TestNG.java:1048)
	at org.testng.remote.AbstractRemoteTestNG.run(AbstractRemoteTestNG.java:114)
	at org.testng.remote.RemoteTestNG.initAndRun(RemoteTestNG.java:251)
	at org.testng.remote.RemoteTestNG.main(RemoteTestNG.java:77)
]]>
            </full-stacktrace>
          </exception> <!-- org.openqa.selenium.WebDriverException -->
          <reporter-output>
          </reporter-output>
        </test-method> <!-- tearDown -->
      </class> <!-- com.experitest.auto.Teste_recuperar_senha -->
    </test> <!-- Default test -->
  </suite> <!-- Default suite -->
</testng-results>
