<?xml version="1.0" encoding="UTF-8"?>
<testng-results skipped="0" failed="0" total="1" passed="1">
  <reporter-output>
  </reporter-output>
  <suite name="Default suite" duration-ms="194078" started-at="2019-01-07T11:10:02Z" finished-at="2019-01-07T11:13:16Z">
    <groups>
    </groups>
    <test name="Default test" duration-ms="194078" started-at="2019-01-07T11:10:02Z" finished-at="2019-01-07T11:13:16Z">
      <class name="apptest.WP_Cadastro">
        <test-method status="PASS" signature="setUp(java.lang.String)[pri:0, instance:apptest.WP_Cadastro@6536e911]" name="setUp" is-config="true" duration-ms="21073" started-at="2019-01-07T09:10:02Z" finished-at="2019-01-07T09:10:23Z">
          <params>
            <param index="0">
              <value>
                <![CDATA[@os='android']]>
              </value>
            </param>
          </params>
          <reporter-output>
          </reporter-output>
        </test-method> <!-- setUp -->
        <test-method status="PASS" signature="cadastro()[pri:0, instance:apptest.WP_Cadastro@6536e911]" name="cadastro" duration-ms="162460" started-at="2019-01-07T09:10:23Z" finished-at="2019-01-07T09:13:06Z">
          <reporter-output>
          </reporter-output>
        </test-method> <!-- cadastro -->
        <test-method status="PASS" signature="tearDown(org.testng.ITestResult)[pri:0, instance:apptest.WP_Cadastro@6536e911]" name="tearDown" is-config="true" duration-ms="10513" started-at="2019-01-07T09:13:06Z" finished-at="2019-01-07T09:13:16Z">
          <params>
            <param index="0">
              <value>
                <![CDATA[[TestResult name=cadastro status=SUCCESS method=WP_Cadastro.cadastro()[pri:0, instance:apptest.WP_Cadastro@6536e911] output={null}]]]>
              </value>
            </param>
          </params>
          <reporter-output>
          </reporter-output>
        </test-method> <!-- tearDown -->
      </class> <!-- apptest.WP_Cadastro -->
    </test> <!-- Default test -->
  </suite> <!-- Default suite -->
</testng-results>
