<?xml version="1.0" encoding="UTF-8"?>
<testng-results skipped="0" failed="1" total="4" passed="3">
  <reporter-output>
  </reporter-output>
  <suite name="Default suite" duration-ms="691026" started-at="2018-03-08T17:52:16Z" finished-at="2018-03-08T18:03:47Z">
    <groups>
    </groups>
    <test name="Default test" duration-ms="691026" started-at="2018-03-08T17:52:16Z" finished-at="2018-03-08T18:03:47Z">
      <class name="apptest.WP_CadastroEmBranco">
        <test-method status="PASS" signature="setUp(java.lang.String)[pri:0, instance:apptest.WP_CadastroEmBranco@5ce81285]" name="setUp" is-config="true" duration-ms="33509" started-at="2018-03-08T14:52:16Z" finished-at="2018-03-08T14:52:49Z">
          <params>
            <param index="0">
              <value>
                <![CDATA[@os='android']]>
              </value>
            </param>
          </params>
          <reporter-output>
          </reporter-output>
        </test-method> <!-- setUp -->
        <test-method status="PASS" signature="testedecadastrobranco()[pri:0, instance:apptest.WP_CadastroEmBranco@5ce81285]" name="testedecadastrobranco" duration-ms="36101" started-at="2018-03-08T14:52:49Z" finished-at="2018-03-08T14:53:25Z">
          <reporter-output>
          </reporter-output>
        </test-method> <!-- testedecadastrobranco -->
        <test-method status="PASS" signature="tearDown(org.testng.ITestResult)[pri:0, instance:apptest.WP_CadastroEmBranco@5ce81285]" name="tearDown" is-config="true" duration-ms="8686" started-at="2018-03-08T14:53:25Z" finished-at="2018-03-08T14:53:34Z">
          <params>
            <param index="0">
              <value>
                <![CDATA[[TestResult name=testedecadastrobranco status=SUCCESS method=WP_CadastroEmBranco.testedecadastrobranco()[pri:0, instance:apptest.WP_CadastroEmBranco@5ce81285] output={null}]]]>
              </value>
            </param>
          </params>
          <reporter-output>
          </reporter-output>
        </test-method> <!-- tearDown -->
      </class> <!-- apptest.WP_CadastroEmBranco -->
      <class name="apptest.WP_Cadastro">
        <test-method status="PASS" signature="setUp(java.lang.String)[pri:0, instance:apptest.WP_Cadastro@78c03f1f]" name="setUp" is-config="true" duration-ms="31580" started-at="2018-03-08T14:53:34Z" finished-at="2018-03-08T14:54:05Z">
          <params>
            <param index="0">
              <value>
                <![CDATA[@os='android']]>
              </value>
            </param>
          </params>
          <reporter-output>
          </reporter-output>
        </test-method> <!-- setUp -->
        <test-method status="FAIL" signature="testing()[pri:0, instance:apptest.WP_Cadastro@78c03f1f]" name="testing" duration-ms="273965" started-at="2018-03-08T14:54:05Z" finished-at="2018-03-08T14:58:39Z">
          <exception class="org.openqa.selenium.NoSuchElementException">
            <message>
              <![CDATA[no such element (An element could not be located on the page using the given search parameters (XPATH='//*[@text='Acesse sua conta']'))  (WARNING: The server did not provide any stacktrace information)
Command duration or timeout: 2.63 seconds
For documentation on this error, please visit: http://seleniumhq.org/exceptions/no_such_element.html
Build info: version: '2.53.1', revision: 'a36b8b1cd5757287168e54b817830adce9b0158d', time: '2016-06-30 19:26:09'
System info: host: 'USPLBRJ651BLNB', ip: '10.12.73.20', os.name: 'Windows 7', os.arch: 'amd64', os.version: '6.1', java.version: '1.8.0_131'
Driver info: io.appium.java_client.android.AndroidDriver
Capabilities [{appPackage=com.consul.android.smartbeer.staging, device.majorVersion=7.0.x, dontGoHomeOnQuit=false, device.os=Android, noReset=false, dontStopAppOnReset=false, reservationDuration=240, reportFormat=xml, fullReset=false, platform=ANY, desired={app=cloud:com.consul.android.smartbeer.staging/com.whirlpool.ted.View.SplashActivity, appPackage=com.consul.android.smartbeer.staging, appActivity=com.whirlpool.ted.View.SplashActivity, deviceQuery=@serialnumber='1115fbd4746c2f05', reportDirectory=reports, reportFormat=xml, platformName=Android, testName=WP_CadastroValidoGalaxys8}, device.serialNumber=1115fbd4746c2f05, locationServicesAuthorized=false, device.version=7.0, deviceQuery=@serialnumber='1115fbd4746c2f05', reportDirectory=reports, autoWebview=false, platformName=Android, testName=WP_CadastroValidoGalaxys8, device.screenSize=1080x1920, useKeystore=false, app=cloud:com.consul.android.smartbeer.staging/com.whirlpool.ted.View.SplashActivity, cloudViewLink=http://null/agent-132788/#/EwI6slfAfvLbEBCS?1
Picked up Grid Node (seetest_7802)
Reserved Device : Samsung Galaxy S6 Edge Plus, device.manufacture=samsung, instrumentApp=false, device.category=PHONE, autoDismissAlerts=false, reportUrl=http://reporter.seetest.io/#/test/55, keystorePath=~/.android/debug.keystore, appActivity=com.whirlpool.ted.View.SplashActivity, waitForDeviceTimeout=120000, device.model=SM-G928C, device.name=Samsung Galaxy S6 Edge Plus, projectName=, gridNodePort=7802, autoAcceptAlerts=false}]
Session ID: CLOUD-SID:2018-03-08_19-53-40-7539f891-3f17-419d-b3ab-0afcde977388
*** Element info: {Using=xpath, value=//*[@text='Acesse sua conta']}]]>
            </message>
            <full-stacktrace>
              <![CDATA[org.openqa.selenium.NoSuchElementException: no such element (An element could not be located on the page using the given search parameters (XPATH='//*[@text='Acesse sua conta']'))  (WARNING: The server did not provide any stacktrace information)
Command duration or timeout: 2.63 seconds
For documentation on this error, please visit: http://seleniumhq.org/exceptions/no_such_element.html
Build info: version: '2.53.1', revision: 'a36b8b1cd5757287168e54b817830adce9b0158d', time: '2016-06-30 19:26:09'
System info: host: 'USPLBRJ651BLNB', ip: '10.12.73.20', os.name: 'Windows 7', os.arch: 'amd64', os.version: '6.1', java.version: '1.8.0_131'
Driver info: io.appium.java_client.android.AndroidDriver
Capabilities [{appPackage=com.consul.android.smartbeer.staging, device.majorVersion=7.0.x, dontGoHomeOnQuit=false, device.os=Android, noReset=false, dontStopAppOnReset=false, reservationDuration=240, reportFormat=xml, fullReset=false, platform=ANY, desired={app=cloud:com.consul.android.smartbeer.staging/com.whirlpool.ted.View.SplashActivity, appPackage=com.consul.android.smartbeer.staging, appActivity=com.whirlpool.ted.View.SplashActivity, deviceQuery=@serialnumber='1115fbd4746c2f05', reportDirectory=reports, reportFormat=xml, platformName=Android, testName=WP_CadastroValidoGalaxys8}, device.serialNumber=1115fbd4746c2f05, locationServicesAuthorized=false, device.version=7.0, deviceQuery=@serialnumber='1115fbd4746c2f05', reportDirectory=reports, autoWebview=false, platformName=Android, testName=WP_CadastroValidoGalaxys8, device.screenSize=1080x1920, useKeystore=false, app=cloud:com.consul.android.smartbeer.staging/com.whirlpool.ted.View.SplashActivity, cloudViewLink=http://null/agent-132788/#/EwI6slfAfvLbEBCS?1
Picked up Grid Node (seetest_7802)
Reserved Device : Samsung Galaxy S6 Edge Plus, device.manufacture=samsung, instrumentApp=false, device.category=PHONE, autoDismissAlerts=false, reportUrl=http://reporter.seetest.io/#/test/55, keystorePath=~/.android/debug.keystore, appActivity=com.whirlpool.ted.View.SplashActivity, waitForDeviceTimeout=120000, device.model=SM-G928C, device.name=Samsung Galaxy S6 Edge Plus, projectName=, gridNodePort=7802, autoAcceptAlerts=false}]
Session ID: CLOUD-SID:2018-03-08_19-53-40-7539f891-3f17-419d-b3ab-0afcde977388
*** Element info: {Using=xpath, value=//*[@text='Acesse sua conta']}
	at sun.reflect.NativeConstructorAccessorImpl.newInstance0(Native Method)
	at sun.reflect.NativeConstructorAccessorImpl.newInstance(Unknown Source)
	at sun.reflect.DelegatingConstructorAccessorImpl.newInstance(Unknown Source)
	at java.lang.reflect.Constructor.newInstance(Unknown Source)
	at org.openqa.selenium.remote.ErrorHandler.createThrowable(ErrorHandler.java:206)
	at org.openqa.selenium.remote.ErrorHandler.throwIfResponseFailed(ErrorHandler.java:158)
	at org.openqa.selenium.remote.RemoteWebDriver.execute(RemoteWebDriver.java:678)
	at io.appium.java_client.DefaultGenericMobileDriver.execute(DefaultGenericMobileDriver.java:40)
	at io.appium.java_client.AppiumDriver.execute(AppiumDriver.java:1)
	at io.appium.java_client.android.AndroidDriver.execute(AndroidDriver.java:1)
	at org.openqa.selenium.remote.RemoteWebDriver.findElement(RemoteWebDriver.java:363)
	at io.appium.java_client.DefaultGenericMobileDriver.findElement(DefaultGenericMobileDriver.java:56)
	at io.appium.java_client.AppiumDriver.findElement(AppiumDriver.java:1)
	at io.appium.java_client.android.AndroidDriver.findElement(AndroidDriver.java:1)
	at org.openqa.selenium.remote.RemoteWebDriver.findElementByXPath(RemoteWebDriver.java:500)
	at io.appium.java_client.DefaultGenericMobileDriver.findElementByXPath(DefaultGenericMobileDriver.java:134)
	at io.appium.java_client.AppiumDriver.findElementByXPath(AppiumDriver.java:1)
	at io.appium.java_client.android.AndroidDriver.findElementByXPath(AndroidDriver.java:1)
	at org.openqa.selenium.By$ByXPath.findElement(By.java:361)
	at org.openqa.selenium.remote.RemoteWebDriver.findElement(RemoteWebDriver.java:355)
	at io.appium.java_client.DefaultGenericMobileDriver.findElement(DefaultGenericMobileDriver.java:52)
	at io.appium.java_client.AppiumDriver.findElement(AppiumDriver.java:1)
	at io.appium.java_client.android.AndroidDriver.findElement(AndroidDriver.java:1)
	at apptest.WP_Cadastro.testing(WP_Cadastro.java:119)
	at sun.reflect.NativeMethodAccessorImpl.invoke0(Native Method)
	at sun.reflect.NativeMethodAccessorImpl.invoke(Unknown Source)
	at sun.reflect.DelegatingMethodAccessorImpl.invoke(Unknown Source)
	at java.lang.reflect.Method.invoke(Unknown Source)
	at org.testng.internal.MethodInvocationHelper.invokeMethod(MethodInvocationHelper.java:85)
	at org.testng.internal.Invoker.invokeMethod(Invoker.java:639)
	at org.testng.internal.Invoker.invokeTestMethod(Invoker.java:816)
	at org.testng.internal.Invoker.invokeTestMethods(Invoker.java:1124)
	at org.testng.internal.TestMethodWorker.invokeTestMethods(TestMethodWorker.java:125)
	at org.testng.internal.TestMethodWorker.run(TestMethodWorker.java:108)
	at org.testng.TestRunner.privateRun(TestRunner.java:774)
	at org.testng.TestRunner.run(TestRunner.java:624)
	at org.testng.SuiteRunner.runTest(SuiteRunner.java:359)
	at org.testng.SuiteRunner.runSequentially(SuiteRunner.java:354)
	at org.testng.SuiteRunner.privateRun(SuiteRunner.java:312)
	at org.testng.SuiteRunner.run(SuiteRunner.java:261)
	at org.testng.SuiteRunnerWorker.runSuite(SuiteRunnerWorker.java:52)
	at org.testng.SuiteRunnerWorker.run(SuiteRunnerWorker.java:86)
	at org.testng.TestNG.runSuitesSequentially(TestNG.java:1215)
	at org.testng.TestNG.runSuitesLocally(TestNG.java:1140)
	at org.testng.TestNG.run(TestNG.java:1048)
	at org.testng.remote.AbstractRemoteTestNG.run(AbstractRemoteTestNG.java:114)
	at org.testng.remote.RemoteTestNG.initAndRun(RemoteTestNG.java:251)
	at org.testng.remote.RemoteTestNG.main(RemoteTestNG.java:77)
]]>
            </full-stacktrace>
          </exception> <!-- org.openqa.selenium.NoSuchElementException -->
          <reporter-output>
          </reporter-output>
        </test-method> <!-- testing -->
        <test-method status="PASS" signature="tearDown(org.testng.ITestResult)[pri:0, instance:apptest.WP_Cadastro@78c03f1f]" name="tearDown" is-config="true" duration-ms="9958" started-at="2018-03-08T14:58:39Z" finished-at="2018-03-08T14:58:49Z">
          <params>
            <param index="0">
              <value>
                <![CDATA[[TestResult name=testing status=FAILURE method=WP_Cadastro.testing()[pri:0, instance:apptest.WP_Cadastro@78c03f1f] output={null}]]]>
              </value>
            </param>
          </params>
          <reporter-output>
          </reporter-output>
        </test-method> <!-- tearDown -->
      </class> <!-- apptest.WP_Cadastro -->
      <class name="apptest.WP_RecuperarSenha">
        <test-method status="PASS" signature="setUp(java.lang.String)[pri:0, instance:apptest.WP_RecuperarSenha@5ec0a365]" name="setUp" is-config="true" duration-ms="30085" started-at="2018-03-08T14:58:49Z" finished-at="2018-03-08T14:59:19Z">
          <params>
            <param index="0">
              <value>
                <![CDATA[@os='android']]>
              </value>
            </param>
          </params>
          <reporter-output>
          </reporter-output>
        </test-method> <!-- setUp -->
        <test-method status="PASS" signature="testTeste_recuperar_senha_e_logar()[pri:0, instance:apptest.WP_RecuperarSenha@5ec0a365]" name="testTeste_recuperar_senha_e_logar" duration-ms="128802" started-at="2018-03-08T14:59:19Z" finished-at="2018-03-08T15:01:28Z">
          <reporter-output>
          </reporter-output>
        </test-method> <!-- testTeste_recuperar_senha_e_logar -->
        <test-method status="PASS" signature="tearDown(org.testng.ITestResult)[pri:0, instance:apptest.WP_RecuperarSenha@5ec0a365]" name="tearDown" is-config="true" duration-ms="8934" started-at="2018-03-08T15:01:28Z" finished-at="2018-03-08T15:01:37Z">
          <params>
            <param index="0">
              <value>
                <![CDATA[[TestResult name=testTeste_recuperar_senha_e_logar status=SUCCESS method=WP_RecuperarSenha.testTeste_recuperar_senha_e_logar()[pri:0, instance:apptest.WP_RecuperarSenha@5ec0a365] output={null}]]]>
              </value>
            </param>
          </params>
          <reporter-output>
          </reporter-output>
        </test-method> <!-- tearDown -->
      </class> <!-- apptest.WP_RecuperarSenha -->
      <class name="apptest.WP_CadastroInvalido">
        <test-method status="PASS" signature="setUp(java.lang.String)[pri:0, instance:apptest.WP_CadastroInvalido@4fe3c938]" name="setUp" is-config="true" duration-ms="31377" started-at="2018-03-08T15:01:37Z" finished-at="2018-03-08T15:02:09Z">
          <params>
            <param index="0">
              <value>
                <![CDATA[@os='android']]>
              </value>
            </param>
          </params>
          <reporter-output>
          </reporter-output>
        </test-method> <!-- setUp -->
        <test-method status="PASS" signature="testTeste_cadastro_campos_invalidos()[pri:0, instance:apptest.WP_CadastroInvalido@4fe3c938]" name="testTeste_cadastro_campos_invalidos" duration-ms="88836" started-at="2018-03-08T15:02:09Z" finished-at="2018-03-08T15:03:37Z">
          <reporter-output>
          </reporter-output>
        </test-method> <!-- testTeste_cadastro_campos_invalidos -->
        <test-method status="PASS" signature="tearDown(org.testng.ITestResult)[pri:0, instance:apptest.WP_CadastroInvalido@4fe3c938]" name="tearDown" is-config="true" duration-ms="9106" started-at="2018-03-08T15:03:37Z" finished-at="2018-03-08T15:03:47Z">
          <params>
            <param index="0">
              <value>
                <![CDATA[[TestResult name=testTeste_cadastro_campos_invalidos status=SUCCESS method=WP_CadastroInvalido.testTeste_cadastro_campos_invalidos()[pri:0, instance:apptest.WP_CadastroInvalido@4fe3c938] output={null}]]]>
              </value>
            </param>
          </params>
          <reporter-output>
          </reporter-output>
        </test-method> <!-- tearDown -->
      </class> <!-- apptest.WP_CadastroInvalido -->
    </test> <!-- Default test -->
  </suite> <!-- Default suite -->
</testng-results>
