<?xml version="1.0" encoding="UTF-8"?>
<testng-results skipped="0" failed="0" total="1" passed="1">
  <reporter-output>
  </reporter-output>
  <suite name="Default suite" duration-ms="227184" started-at="2018-03-06T13:45:23Z" finished-at="2018-03-06T13:49:10Z">
    <groups>
    </groups>
    <test name="Default test" duration-ms="227184" started-at="2018-03-06T13:45:23Z" finished-at="2018-03-06T13:49:10Z">
      <class name="com.testes.cadastro.login.password.WP_RecuperarSenha">
        <test-method status="PASS" signature="setUp(java.lang.String)[pri:0, instance:com.testes.cadastro.login.password.WP_RecuperarSenha@a67c67e]" name="setUp" is-config="true" duration-ms="34273" started-at="2018-03-06T10:45:23Z" finished-at="2018-03-06T10:45:57Z">
          <params>
            <param index="0">
              <value>
                <![CDATA[@os='android']]>
              </value>
            </param>
          </params>
          <reporter-output>
          </reporter-output>
        </test-method> <!-- setUp -->
        <test-method status="PASS" signature="testTeste_recuperar_senha_e_logar()[pri:0, instance:com.testes.cadastro.login.password.WP_RecuperarSenha@a67c67e]" name="testTeste_recuperar_senha_e_logar" duration-ms="160463" started-at="2018-03-06T10:45:57Z" finished-at="2018-03-06T10:48:38Z">
          <reporter-output>
          </reporter-output>
        </test-method> <!-- testTeste_recuperar_senha_e_logar -->
        <test-method status="PASS" signature="tearDown(org.testng.ITestResult)[pri:0, instance:com.testes.cadastro.login.password.WP_RecuperarSenha@a67c67e]" name="tearDown" is-config="true" duration-ms="32414" started-at="2018-03-06T10:48:38Z" finished-at="2018-03-06T10:49:10Z">
          <params>
            <param index="0">
              <value>
                <![CDATA[[TestResult name=testTeste_recuperar_senha_e_logar status=SUCCESS method=WP_RecuperarSenha.testTeste_recuperar_senha_e_logar()[pri:0, instance:com.testes.cadastro.login.password.WP_RecuperarSenha@a67c67e] output={null}]]]>
              </value>
            </param>
          </params>
          <reporter-output>
          </reporter-output>
        </test-method> <!-- tearDown -->
      </class> <!-- com.testes.cadastro.login.password.WP_RecuperarSenha -->
    </test> <!-- Default test -->
  </suite> <!-- Default suite -->
</testng-results>
