<?xml version="1.0" encoding="UTF-8"?>
<testng-results skipped="0" failed="0" total="1" passed="1">
  <reporter-output>
  </reporter-output>
  <suite name="Default suite" duration-ms="377252" started-at="2018-10-09T17:00:30Z" finished-at="2018-10-09T17:06:47Z">
    <groups>
    </groups>
    <test name="Default test" duration-ms="377252" started-at="2018-10-09T17:00:30Z" finished-at="2018-10-09T17:06:47Z">
      <class name="apptest.WP_ZeDeliverySemDistribuidor">
        <test-method status="PASS" signature="setUp(java.lang.String)[pri:0, instance:apptest.WP_ZeDeliverySemDistribuidor@66480dd7]" name="setUp" is-config="true" duration-ms="33391" started-at="2018-10-09T14:00:30Z" finished-at="2018-10-09T14:01:03Z">
          <params>
            <param index="0">
              <value>
                <![CDATA[@os='android']]>
              </value>
            </param>
          </params>
          <reporter-output>
          </reporter-output>
        </test-method> <!-- setUp -->
        <test-method status="PASS" signature="testesemdistribuidor()[pri:0, instance:apptest.WP_ZeDeliverySemDistribuidor@66480dd7]" name="testesemdistribuidor" duration-ms="323515" started-at="2018-10-09T14:01:03Z" finished-at="2018-10-09T14:06:27Z">
          <reporter-output>
          </reporter-output>
        </test-method> <!-- testesemdistribuidor -->
        <test-method status="PASS" signature="tearDown(org.testng.ITestResult)[pri:0, instance:apptest.WP_ZeDeliverySemDistribuidor@66480dd7]" name="tearDown" is-config="true" duration-ms="20317" started-at="2018-10-09T14:06:27Z" finished-at="2018-10-09T14:06:47Z">
          <params>
            <param index="0">
              <value>
                <![CDATA[[TestResult name=testesemdistribuidor status=SUCCESS method=WP_ZeDeliverySemDistribuidor.testesemdistribuidor()[pri:0, instance:apptest.WP_ZeDeliverySemDistribuidor@66480dd7] output={null}]]]>
              </value>
            </param>
          </params>
          <reporter-output>
          </reporter-output>
        </test-method> <!-- tearDown -->
      </class> <!-- apptest.WP_ZeDeliverySemDistribuidor -->
    </test> <!-- Default test -->
  </suite> <!-- Default suite -->
</testng-results>
