<?xml version="1.0" encoding="UTF-8"?>
<testng-results skipped="0" failed="0" total="1" passed="1">
  <reporter-output>
  </reporter-output>
  <suite name="Default suite" duration-ms="212474" started-at="2018-08-14T17:36:57Z" finished-at="2018-08-14T17:40:29Z">
    <groups>
    </groups>
    <test name="Default test" duration-ms="212474" started-at="2018-08-14T17:36:57Z" finished-at="2018-08-14T17:40:29Z">
      <class name="apptest.WP_EmporioDaCerveja">
        <test-method status="PASS" signature="setUp(java.lang.String)[pri:0, instance:apptest.WP_EmporioDaCerveja@3327bd23]" name="setUp" is-config="true" duration-ms="14824" started-at="2018-08-14T14:36:57Z" finished-at="2018-08-14T14:37:11Z">
          <params>
            <param index="0">
              <value>
                <![CDATA[@os='android']]>
              </value>
            </param>
          </params>
          <reporter-output>
          </reporter-output>
        </test-method> <!-- setUp -->
        <test-method status="PASS" signature="testeemporiodacerveja()[pri:0, instance:apptest.WP_EmporioDaCerveja@3327bd23]" name="testeemporiodacerveja" duration-ms="191383" started-at="2018-08-14T14:37:11Z" finished-at="2018-08-14T14:40:23Z">
          <reporter-output>
          </reporter-output>
        </test-method> <!-- testeemporiodacerveja -->
        <test-method status="PASS" signature="tearDown(org.testng.ITestResult)[pri:0, instance:apptest.WP_EmporioDaCerveja@3327bd23]" name="tearDown" is-config="true" duration-ms="6219" started-at="2018-08-14T14:40:23Z" finished-at="2018-08-14T14:40:29Z">
          <params>
            <param index="0">
              <value>
                <![CDATA[[TestResult name=testeemporiodacerveja status=SUCCESS method=WP_EmporioDaCerveja.testeemporiodacerveja()[pri:0, instance:apptest.WP_EmporioDaCerveja@3327bd23] output={null}]]]>
              </value>
            </param>
          </params>
          <reporter-output>
          </reporter-output>
        </test-method> <!-- tearDown -->
      </class> <!-- apptest.WP_EmporioDaCerveja -->
    </test> <!-- Default test -->
  </suite> <!-- Default suite -->
</testng-results>
