<?xml version="1.0" encoding="UTF-8"?>
<testng-results skipped="0" failed="0" total="1" passed="1">
  <reporter-output>
  </reporter-output>
  <suite name="Default suite" duration-ms="128572" started-at="2018-10-11T17:34:11Z" finished-at="2018-10-11T17:36:20Z">
    <groups>
    </groups>
    <test name="Default test" duration-ms="128572" started-at="2018-10-11T17:34:11Z" finished-at="2018-10-11T17:36:20Z">
      <class name="apptest.WP_CadastroInvalido">
        <test-method status="PASS" signature="setUp(java.lang.String)[pri:0, instance:apptest.WP_CadastroInvalido@71423665]" name="setUp" is-config="true" duration-ms="24011" started-at="2018-10-11T14:34:11Z" finished-at="2018-10-11T14:34:35Z">
          <params>
            <param index="0">
              <value>
                <![CDATA[@os='android']]>
              </value>
            </param>
          </params>
          <reporter-output>
          </reporter-output>
        </test-method> <!-- setUp -->
        <test-method status="PASS" signature="testecadastroinvalido()[pri:0, instance:apptest.WP_CadastroInvalido@71423665]" name="testecadastroinvalido" duration-ms="86620" started-at="2018-10-11T14:34:35Z" finished-at="2018-10-11T14:36:02Z">
          <reporter-output>
          </reporter-output>
        </test-method> <!-- testecadastroinvalido -->
        <test-method status="PASS" signature="tearDown(org.testng.ITestResult)[pri:0, instance:apptest.WP_CadastroInvalido@71423665]" name="tearDown" is-config="true" duration-ms="17904" started-at="2018-10-11T14:36:02Z" finished-at="2018-10-11T14:36:20Z">
          <params>
            <param index="0">
              <value>
                <![CDATA[[TestResult name=testecadastroinvalido status=SUCCESS method=WP_CadastroInvalido.testecadastroinvalido()[pri:0, instance:apptest.WP_CadastroInvalido@71423665] output={null}]]]>
              </value>
            </param>
          </params>
          <reporter-output>
          </reporter-output>
        </test-method> <!-- tearDown -->
      </class> <!-- apptest.WP_CadastroInvalido -->
    </test> <!-- Default test -->
  </suite> <!-- Default suite -->
</testng-results>
