<?xml version="1.0" encoding="UTF-8"?>
<testng-results skipped="0" failed="0" total="1" passed="1">
  <reporter-output>
  </reporter-output>
  <suite name="Default suite" duration-ms="39494" started-at="2018-04-04T14:55:22Z" finished-at="2018-04-04T14:56:01Z">
    <groups>
    </groups>
    <test name="Default test" duration-ms="39494" started-at="2018-04-04T14:55:22Z" finished-at="2018-04-04T14:56:01Z">
      <class name="apptest.WP_DesinstalacaoApp">
        <test-method status="PASS" signature="setUp(java.lang.String)[pri:0, instance:apptest.WP_DesinstalacaoApp@3c0f93f1]" name="setUp" is-config="true" duration-ms="22695" started-at="2018-04-04T11:55:22Z" finished-at="2018-04-04T11:55:45Z">
          <params>
            <param index="0">
              <value>
                <![CDATA[@os='android']]>
              </value>
            </param>
          </params>
          <reporter-output>
          </reporter-output>
        </test-method> <!-- setUp -->
        <test-method status="PASS" signature="desinstalar()[pri:0, instance:apptest.WP_DesinstalacaoApp@3c0f93f1]" name="desinstalar" duration-ms="2823" started-at="2018-04-04T11:55:45Z" finished-at="2018-04-04T11:55:47Z">
          <reporter-output>
          </reporter-output>
        </test-method> <!-- desinstalar -->
        <test-method status="PASS" signature="tearDown(org.testng.ITestResult)[pri:0, instance:apptest.WP_DesinstalacaoApp@3c0f93f1]" name="tearDown" is-config="true" duration-ms="13950" started-at="2018-04-04T11:55:47Z" finished-at="2018-04-04T11:56:01Z">
          <params>
            <param index="0">
              <value>
                <![CDATA[[TestResult name=desinstalar status=SUCCESS method=WP_DesinstalacaoApp.desinstalar()[pri:0, instance:apptest.WP_DesinstalacaoApp@3c0f93f1] output={null}]]]>
              </value>
            </param>
          </params>
          <reporter-output>
          </reporter-output>
        </test-method> <!-- tearDown -->
      </class> <!-- apptest.WP_DesinstalacaoApp -->
    </test> <!-- Default test -->
  </suite> <!-- Default suite -->
</testng-results>
