<?xml version="1.0" encoding="UTF-8"?>
<testng-results skipped="0" failed="0" total="1" passed="1">
  <reporter-output>
  </reporter-output>
  <suite name="Default suite" duration-ms="53814" started-at="2018-04-04T13:48:12Z" finished-at="2018-04-04T13:49:06Z">
    <groups>
    </groups>
    <test name="Default test" duration-ms="53814" started-at="2018-04-04T13:48:12Z" finished-at="2018-04-04T13:49:06Z">
      <class name="apptest.WP_CadastroEmBranco">
        <test-method status="PASS" signature="setUp(java.lang.String)[pri:0, instance:apptest.WP_CadastroEmBranco@3c0f93f1]" name="setUp" is-config="true" duration-ms="8232" started-at="2018-04-04T10:48:12Z" finished-at="2018-04-04T10:48:20Z">
          <params>
            <param index="0">
              <value>
                <![CDATA[@os='android']]>
              </value>
            </param>
          </params>
          <reporter-output>
          </reporter-output>
        </test-method> <!-- setUp -->
        <test-method status="PASS" signature="testedecadastrobranco()[pri:0, instance:apptest.WP_CadastroEmBranco@3c0f93f1]" name="testedecadastrobranco" duration-ms="37728" started-at="2018-04-04T10:48:20Z" finished-at="2018-04-04T10:48:58Z">
          <reporter-output>
          </reporter-output>
        </test-method> <!-- testedecadastrobranco -->
        <test-method status="PASS" signature="tearDown(org.testng.ITestResult)[pri:0, instance:apptest.WP_CadastroEmBranco@3c0f93f1]" name="tearDown" is-config="true" duration-ms="7823" started-at="2018-04-04T10:48:58Z" finished-at="2018-04-04T10:49:06Z">
          <params>
            <param index="0">
              <value>
                <![CDATA[[TestResult name=testedecadastrobranco status=SUCCESS method=WP_CadastroEmBranco.testedecadastrobranco()[pri:0, instance:apptest.WP_CadastroEmBranco@3c0f93f1] output={null}]]]>
              </value>
            </param>
          </params>
          <reporter-output>
          </reporter-output>
        </test-method> <!-- tearDown -->
      </class> <!-- apptest.WP_CadastroEmBranco -->
    </test> <!-- Default test -->
  </suite> <!-- Default suite -->
</testng-results>
