<?xml version="1.0" encoding="UTF-8"?>
<testng-results skipped="0" failed="0" total="1" passed="1">
  <reporter-output>
  </reporter-output>
  <suite name="Default suite" duration-ms="132843" started-at="2018-03-09T17:07:23Z" finished-at="2018-03-09T17:09:36Z">
    <groups>
    </groups>
    <test name="Default test" duration-ms="132843" started-at="2018-03-09T17:07:23Z" finished-at="2018-03-09T17:09:36Z">
      <class name="apptest.WP_InteracaoProduto">
        <test-method status="PASS" signature="setUp(java.lang.String)[pri:0, instance:apptest.WP_InteracaoProduto@3327bd23]" name="setUp" is-config="true" duration-ms="33317" started-at="2018-03-09T14:07:23Z" finished-at="2018-03-09T14:07:56Z">
          <params>
            <param index="0">
              <value>
                <![CDATA[@os='android']]>
              </value>
            </param>
          </params>
          <reporter-output>
          </reporter-output>
        </test-method> <!-- setUp -->
        <test-method status="PASS" signature="testeinteracaoproduto()[pri:0, instance:apptest.WP_InteracaoProduto@3327bd23]" name="testeinteracaoproduto" duration-ms="91022" started-at="2018-03-09T14:07:56Z" finished-at="2018-03-09T14:09:27Z">
          <reporter-output>
          </reporter-output>
        </test-method> <!-- testeinteracaoproduto -->
        <test-method status="PASS" signature="tearDown(org.testng.ITestResult)[pri:0, instance:apptest.WP_InteracaoProduto@3327bd23]" name="tearDown" is-config="true" duration-ms="8453" started-at="2018-03-09T14:09:27Z" finished-at="2018-03-09T14:09:36Z">
          <params>
            <param index="0">
              <value>
                <![CDATA[[TestResult name=testeinteracaoproduto status=SUCCESS method=WP_InteracaoProduto.testeinteracaoproduto()[pri:0, instance:apptest.WP_InteracaoProduto@3327bd23] output={null}]]]>
              </value>
            </param>
          </params>
          <reporter-output>
          </reporter-output>
        </test-method> <!-- tearDown -->
      </class> <!-- apptest.WP_InteracaoProduto -->
    </test> <!-- Default test -->
  </suite> <!-- Default suite -->
</testng-results>
