<?xml version="1.0" encoding="UTF-8"?>
<testng-results skipped="0" failed="0" total="1" passed="1">
  <reporter-output>
  </reporter-output>
  <suite name="Default suite" duration-ms="251385" started-at="2018-09-14T14:52:25Z" finished-at="2018-09-14T14:56:36Z">
    <groups>
    </groups>
    <test name="Default test" duration-ms="251385" started-at="2018-09-14T14:52:25Z" finished-at="2018-09-14T14:56:36Z">
      <class name="apptest.WP_Cadastro">
        <test-method status="PASS" signature="setUp(java.lang.String)[pri:0, instance:apptest.WP_Cadastro@71318ec4]" name="setUp" is-config="true" duration-ms="22574" started-at="2018-09-14T11:52:25Z" finished-at="2018-09-14T11:52:47Z">
          <params>
            <param index="0">
              <value>
                <![CDATA[@os='android']]>
              </value>
            </param>
          </params>
          <reporter-output>
          </reporter-output>
        </test-method> <!-- setUp -->
        <test-method status="PASS" signature="cadastro()[pri:0, instance:apptest.WP_Cadastro@71318ec4]" name="cadastro" duration-ms="216811" started-at="2018-09-14T11:52:47Z" finished-at="2018-09-14T11:56:24Z">
          <reporter-output>
          </reporter-output>
        </test-method> <!-- cadastro -->
        <test-method status="PASS" signature="tearDown(org.testng.ITestResult)[pri:0, instance:apptest.WP_Cadastro@71318ec4]" name="tearDown" is-config="true" duration-ms="11967" started-at="2018-09-14T11:56:24Z" finished-at="2018-09-14T11:56:36Z">
          <params>
            <param index="0">
              <value>
                <![CDATA[[TestResult name=cadastro status=SUCCESS method=WP_Cadastro.cadastro()[pri:0, instance:apptest.WP_Cadastro@71318ec4] output={null}]]]>
              </value>
            </param>
          </params>
          <reporter-output>
          </reporter-output>
        </test-method> <!-- tearDown -->
      </class> <!-- apptest.WP_Cadastro -->
    </test> <!-- Default test -->
  </suite> <!-- Default suite -->
</testng-results>
