<?xml version="1.0" encoding="UTF-8"?>
<testng-results skipped="0" failed="0" total="1" passed="1">
  <reporter-output>
  </reporter-output>
  <suite name="Default suite" duration-ms="123588" started-at="2018-09-13T18:50:12Z" finished-at="2018-09-13T18:52:15Z">
    <groups>
    </groups>
    <test name="Default test" duration-ms="123588" started-at="2018-09-13T18:50:12Z" finished-at="2018-09-13T18:52:15Z">
      <class name="apptest.WP_Configuracoes">
        <test-method status="PASS" signature="setUp(java.lang.String)[pri:0, instance:apptest.WP_Configuracoes@71318ec4]" name="setUp" is-config="true" duration-ms="23668" started-at="2018-09-13T15:50:12Z" finished-at="2018-09-13T15:50:36Z">
          <params>
            <param index="0">
              <value>
                <![CDATA[@os='android']]>
              </value>
            </param>
          </params>
          <reporter-output>
          </reporter-output>
        </test-method> <!-- setUp -->
        <test-method status="PASS" signature="testedeconfiguracoesbasicasQA()[pri:0, instance:apptest.WP_Configuracoes@71318ec4]" name="testedeconfiguracoesbasicasQA" duration-ms="89908" started-at="2018-09-13T15:50:36Z" finished-at="2018-09-13T15:52:05Z">
          <reporter-output>
          </reporter-output>
        </test-method> <!-- testedeconfiguracoesbasicasQA -->
        <test-method status="PASS" signature="tearDown(org.testng.ITestResult)[pri:0, instance:apptest.WP_Configuracoes@71318ec4]" name="tearDown" is-config="true" duration-ms="9974" started-at="2018-09-13T15:52:05Z" finished-at="2018-09-13T15:52:15Z">
          <params>
            <param index="0">
              <value>
                <![CDATA[[TestResult name=testedeconfiguracoesbasicasQA status=SUCCESS method=WP_Configuracoes.testedeconfiguracoesbasicasQA()[pri:0, instance:apptest.WP_Configuracoes@71318ec4] output={null}]]]>
              </value>
            </param>
          </params>
          <reporter-output>
          </reporter-output>
        </test-method> <!-- tearDown -->
      </class> <!-- apptest.WP_Configuracoes -->
    </test> <!-- Default test -->
  </suite> <!-- Default suite -->
</testng-results>
