<?xml version="1.0" encoding="UTF-8"?>
<testng-results skipped="0" failed="1" total="1" passed="0">
  <reporter-output>
  </reporter-output>
  <suite name="Default suite" duration-ms="68228" started-at="2018-06-19T17:28:02Z" finished-at="2018-06-19T17:29:10Z">
    <groups>
    </groups>
    <test name="Default test" duration-ms="68228" started-at="2018-06-19T17:28:02Z" finished-at="2018-06-19T17:29:10Z">
      <class name="apptest.WP_CompraChecaValor">
        <test-method status="PASS" signature="setUp(java.lang.String)[pri:0, instance:apptest.WP_CompraChecaValor@3327bd23]" name="setUp" is-config="true" duration-ms="9058" started-at="2018-06-19T14:28:02Z" finished-at="2018-06-19T14:28:11Z">
          <params>
            <param index="0">
              <value>
                <![CDATA[@os='android']]>
              </value>
            </param>
          </params>
          <reporter-output>
          </reporter-output>
        </test-method> <!-- setUp -->
        <test-method status="FAIL" signature="test_SemDistribuidor()[pri:0, instance:apptest.WP_CompraChecaValor@3327bd23]" name="test_SemDistribuidor" duration-ms="58218" started-at="2018-06-19T14:28:11Z" finished-at="2018-06-19T14:29:09Z">
          <exception class="org.openqa.selenium.WebDriverException">
            <message>
              <![CDATA[Could not forward request http://62.90.196.14:7864/wd/hub/session/CLOUD-SID:2018-06-19_20-25-38-7a2e8657-19ab-416f-892d-d6ca16ceae48/element for session CLOUD-SID:2018-06-19_20-25-38-7a2e8657-19ab-416f-892d-d6ca16ceae48 (WARNING: The server did not provide any stacktrace information)
Command duration or timeout: 315 milliseconds
Build info: version: '2.53.1', revision: 'a36b8b1cd5757287168e54b817830adce9b0158d', time: '2016-06-30 19:26:09'
System info: host: 'USPL5VDR0L2', ip: '10.12.66.207', os.name: 'Windows 7', os.arch: 'amd64', os.version: '6.1', java.version: '1.8.0_162'
Driver info: io.appium.java_client.android.AndroidDriver
Capabilities [{device.majorVersion=8.0.x, dontGoHomeOnQuit=false, device.os=Android, noReset=false, dontStopAppOnReset=false, reservationDuration=240, reportFormat=xml, fullReset=false, platform=ANY, desired={deviceQuery=@serialnumber='1c7a29c334037ece', reportDirectory=reports, reportFormat=xml, platformName=Android, testName=wp_TED_ValorMinimo}, device.serialNumber=1c7a29c334037ece, locationServicesAuthorized=false, device.version=8.0.0, deviceQuery=@serialnumber='1c7a29c334037ece', reportDirectory=reports, autoWebview=false, platformName=Android, testName=wp_TED_ValorMinimo, device.screenSize=1440x2960, useKeystore=false, device.manufacture=samsung, instrumentApp=false, device.category=PHONE, autoDismissAlerts=false, reportUrl=https://reporter.seetest.io/#/test/371/project/jefferson_s_pecanha@whirlpool.com/, keystorePath=~/.android/debug.keystore, waitForDeviceTimeout=120000, device.model=SM-G960F, device.name=Samsung Galaxy S9, autoGrantPermissions=false, projectName=, gridNodePort=7864, autoAcceptAlerts=false}]
Session ID: CLOUD-SID:2018-06-19_20-25-38-7a2e8657-19ab-416f-892d-d6ca16ceae48
*** Element info: {Using=xpath, value=//*[@id='imgCart']}]]>
            </message>
            <full-stacktrace>
              <![CDATA[org.openqa.selenium.WebDriverException: Could not forward request http://62.90.196.14:7864/wd/hub/session/CLOUD-SID:2018-06-19_20-25-38-7a2e8657-19ab-416f-892d-d6ca16ceae48/element for session CLOUD-SID:2018-06-19_20-25-38-7a2e8657-19ab-416f-892d-d6ca16ceae48 (WARNING: The server did not provide any stacktrace information)
Command duration or timeout: 315 milliseconds
Build info: version: '2.53.1', revision: 'a36b8b1cd5757287168e54b817830adce9b0158d', time: '2016-06-30 19:26:09'
System info: host: 'USPL5VDR0L2', ip: '10.12.66.207', os.name: 'Windows 7', os.arch: 'amd64', os.version: '6.1', java.version: '1.8.0_162'
Driver info: io.appium.java_client.android.AndroidDriver
Capabilities [{device.majorVersion=8.0.x, dontGoHomeOnQuit=false, device.os=Android, noReset=false, dontStopAppOnReset=false, reservationDuration=240, reportFormat=xml, fullReset=false, platform=ANY, desired={deviceQuery=@serialnumber='1c7a29c334037ece', reportDirectory=reports, reportFormat=xml, platformName=Android, testName=wp_TED_ValorMinimo}, device.serialNumber=1c7a29c334037ece, locationServicesAuthorized=false, device.version=8.0.0, deviceQuery=@serialnumber='1c7a29c334037ece', reportDirectory=reports, autoWebview=false, platformName=Android, testName=wp_TED_ValorMinimo, device.screenSize=1440x2960, useKeystore=false, device.manufacture=samsung, instrumentApp=false, device.category=PHONE, autoDismissAlerts=false, reportUrl=https://reporter.seetest.io/#/test/371/project/jefferson_s_pecanha@whirlpool.com/, keystorePath=~/.android/debug.keystore, waitForDeviceTimeout=120000, device.model=SM-G960F, device.name=Samsung Galaxy S9, autoGrantPermissions=false, projectName=, gridNodePort=7864, autoAcceptAlerts=false}]
Session ID: CLOUD-SID:2018-06-19_20-25-38-7a2e8657-19ab-416f-892d-d6ca16ceae48
*** Element info: {Using=xpath, value=//*[@id='imgCart']}
	at sun.reflect.NativeConstructorAccessorImpl.newInstance0(Native Method)
	at sun.reflect.NativeConstructorAccessorImpl.newInstance(Unknown Source)
	at sun.reflect.DelegatingConstructorAccessorImpl.newInstance(Unknown Source)
	at java.lang.reflect.Constructor.newInstance(Unknown Source)
	at org.openqa.selenium.remote.ErrorHandler.createThrowable(ErrorHandler.java:206)
	at org.openqa.selenium.remote.ErrorHandler.throwIfResponseFailed(ErrorHandler.java:158)
	at org.openqa.selenium.remote.RemoteWebDriver.execute(RemoteWebDriver.java:678)
	at io.appium.java_client.DefaultGenericMobileDriver.execute(DefaultGenericMobileDriver.java:40)
	at io.appium.java_client.AppiumDriver.execute(AppiumDriver.java:1)
	at io.appium.java_client.android.AndroidDriver.execute(AndroidDriver.java:1)
	at org.openqa.selenium.remote.RemoteWebDriver.findElement(RemoteWebDriver.java:363)
	at io.appium.java_client.DefaultGenericMobileDriver.findElement(DefaultGenericMobileDriver.java:56)
	at io.appium.java_client.AppiumDriver.findElement(AppiumDriver.java:1)
	at io.appium.java_client.android.AndroidDriver.findElement(AndroidDriver.java:1)
	at org.openqa.selenium.remote.RemoteWebDriver.findElementByXPath(RemoteWebDriver.java:500)
	at io.appium.java_client.DefaultGenericMobileDriver.findElementByXPath(DefaultGenericMobileDriver.java:134)
	at io.appium.java_client.AppiumDriver.findElementByXPath(AppiumDriver.java:1)
	at io.appium.java_client.android.AndroidDriver.findElementByXPath(AndroidDriver.java:1)
	at org.openqa.selenium.By$ByXPath.findElement(By.java:361)
	at org.openqa.selenium.remote.RemoteWebDriver.findElement(RemoteWebDriver.java:355)
	at io.appium.java_client.DefaultGenericMobileDriver.findElement(DefaultGenericMobileDriver.java:52)
	at io.appium.java_client.AppiumDriver.findElement(AppiumDriver.java:1)
	at io.appium.java_client.android.AndroidDriver.findElement(AndroidDriver.java:1)
	at apptest.WP_CompraChecaValor.test_SemDistribuidor(WP_CompraChecaValor.java:60)
	at sun.reflect.NativeMethodAccessorImpl.invoke0(Native Method)
	at sun.reflect.NativeMethodAccessorImpl.invoke(Unknown Source)
	at sun.reflect.DelegatingMethodAccessorImpl.invoke(Unknown Source)
	at java.lang.reflect.Method.invoke(Unknown Source)
	at org.testng.internal.MethodInvocationHelper.invokeMethod(MethodInvocationHelper.java:85)
	at org.testng.internal.Invoker.invokeMethod(Invoker.java:639)
	at org.testng.internal.Invoker.invokeTestMethod(Invoker.java:816)
	at org.testng.internal.Invoker.invokeTestMethods(Invoker.java:1124)
	at org.testng.internal.TestMethodWorker.invokeTestMethods(TestMethodWorker.java:125)
	at org.testng.internal.TestMethodWorker.run(TestMethodWorker.java:108)
	at org.testng.TestRunner.privateRun(TestRunner.java:774)
	at org.testng.TestRunner.run(TestRunner.java:624)
	at org.testng.SuiteRunner.runTest(SuiteRunner.java:359)
	at org.testng.SuiteRunner.runSequentially(SuiteRunner.java:354)
	at org.testng.SuiteRunner.privateRun(SuiteRunner.java:312)
	at org.testng.SuiteRunner.run(SuiteRunner.java:261)
	at org.testng.SuiteRunnerWorker.runSuite(SuiteRunnerWorker.java:52)
	at org.testng.SuiteRunnerWorker.run(SuiteRunnerWorker.java:86)
	at org.testng.TestNG.runSuitesSequentially(TestNG.java:1215)
	at org.testng.TestNG.runSuitesLocally(TestNG.java:1140)
	at org.testng.TestNG.run(TestNG.java:1048)
	at org.testng.remote.AbstractRemoteTestNG.run(AbstractRemoteTestNG.java:114)
	at org.testng.remote.RemoteTestNG.initAndRun(RemoteTestNG.java:251)
	at org.testng.remote.RemoteTestNG.main(RemoteTestNG.java:77)
]]>
            </full-stacktrace>
          </exception> <!-- org.openqa.selenium.WebDriverException -->
          <reporter-output>
          </reporter-output>
        </test-method> <!-- test_SemDistribuidor -->
        <test-method status="FAIL" signature="tearDown(org.testng.ITestResult)[pri:0, instance:apptest.WP_CompraChecaValor@3327bd23]" name="tearDown" is-config="true" duration-ms="0" started-at="2018-06-19T14:29:09Z" finished-at="2018-06-19T14:29:09Z">
          <params>
            <param index="0">
              <value>
                <![CDATA[[TestResult name=test_SemDistribuidor status=FAILURE method=WP_CompraChecaValor.test_SemDistribuidor()[pri:0, instance:apptest.WP_CompraChecaValor@3327bd23] output={null}]]]>
              </value>
            </param>
          </params>
          <exception class="org.openqa.selenium.WebDriverException">
            <message>
              <![CDATA[Could not forward request http://62.90.196.14:7864/wd/hub/session/CLOUD-SID:2018-06-19_20-25-38-7a2e8657-19ab-416f-892d-d6ca16ceae48/appium/device/remove_app for session CLOUD-SID:2018-06-19_20-25-38-7a2e8657-19ab-416f-892d-d6ca16ceae48 (WARNING: The server did not provide any stacktrace information)
Command duration or timeout: 894 milliseconds
Build info: version: '2.53.1', revision: 'a36b8b1cd5757287168e54b817830adce9b0158d', time: '2016-06-30 19:26:09'
System info: host: 'USPL5VDR0L2', ip: '10.12.66.207', os.name: 'Windows 7', os.arch: 'amd64', os.version: '6.1', java.version: '1.8.0_162'
Driver info: io.appium.java_client.android.AndroidDriver
Capabilities [{device.majorVersion=8.0.x, dontGoHomeOnQuit=false, device.os=Android, noReset=false, dontStopAppOnReset=false, reservationDuration=240, reportFormat=xml, fullReset=false, platform=ANY, desired={deviceQuery=@serialnumber='1c7a29c334037ece', reportDirectory=reports, reportFormat=xml, platformName=Android, testName=wp_TED_ValorMinimo}, device.serialNumber=1c7a29c334037ece, locationServicesAuthorized=false, device.version=8.0.0, deviceQuery=@serialnumber='1c7a29c334037ece', reportDirectory=reports, autoWebview=false, platformName=Android, testName=wp_TED_ValorMinimo, device.screenSize=1440x2960, useKeystore=false, device.manufacture=samsung, instrumentApp=false, device.category=PHONE, autoDismissAlerts=false, reportUrl=https://reporter.seetest.io/#/test/371/project/jefferson_s_pecanha@whirlpool.com/, keystorePath=~/.android/debug.keystore, waitForDeviceTimeout=120000, device.model=SM-G960F, device.name=Samsung Galaxy S9, autoGrantPermissions=false, projectName=, gridNodePort=7864, autoAcceptAlerts=false}]
Session ID: CLOUD-SID:2018-06-19_20-25-38-7a2e8657-19ab-416f-892d-d6ca16ceae48]]>
            </message>
            <full-stacktrace>
              <![CDATA[org.openqa.selenium.WebDriverException: Could not forward request http://62.90.196.14:7864/wd/hub/session/CLOUD-SID:2018-06-19_20-25-38-7a2e8657-19ab-416f-892d-d6ca16ceae48/appium/device/remove_app for session CLOUD-SID:2018-06-19_20-25-38-7a2e8657-19ab-416f-892d-d6ca16ceae48 (WARNING: The server did not provide any stacktrace information)
Command duration or timeout: 894 milliseconds
Build info: version: '2.53.1', revision: 'a36b8b1cd5757287168e54b817830adce9b0158d', time: '2016-06-30 19:26:09'
System info: host: 'USPL5VDR0L2', ip: '10.12.66.207', os.name: 'Windows 7', os.arch: 'amd64', os.version: '6.1', java.version: '1.8.0_162'
Driver info: io.appium.java_client.android.AndroidDriver
Capabilities [{device.majorVersion=8.0.x, dontGoHomeOnQuit=false, device.os=Android, noReset=false, dontStopAppOnReset=false, reservationDuration=240, reportFormat=xml, fullReset=false, platform=ANY, desired={deviceQuery=@serialnumber='1c7a29c334037ece', reportDirectory=reports, reportFormat=xml, platformName=Android, testName=wp_TED_ValorMinimo}, device.serialNumber=1c7a29c334037ece, locationServicesAuthorized=false, device.version=8.0.0, deviceQuery=@serialnumber='1c7a29c334037ece', reportDirectory=reports, autoWebview=false, platformName=Android, testName=wp_TED_ValorMinimo, device.screenSize=1440x2960, useKeystore=false, device.manufacture=samsung, instrumentApp=false, device.category=PHONE, autoDismissAlerts=false, reportUrl=https://reporter.seetest.io/#/test/371/project/jefferson_s_pecanha@whirlpool.com/, keystorePath=~/.android/debug.keystore, waitForDeviceTimeout=120000, device.model=SM-G960F, device.name=Samsung Galaxy S9, autoGrantPermissions=false, projectName=, gridNodePort=7864, autoAcceptAlerts=false}]
Session ID: CLOUD-SID:2018-06-19_20-25-38-7a2e8657-19ab-416f-892d-d6ca16ceae48
	at sun.reflect.NativeConstructorAccessorImpl.newInstance0(Native Method)
	at sun.reflect.NativeConstructorAccessorImpl.newInstance(Unknown Source)
	at sun.reflect.DelegatingConstructorAccessorImpl.newInstance(Unknown Source)
	at java.lang.reflect.Constructor.newInstance(Unknown Source)
	at org.openqa.selenium.remote.ErrorHandler.createThrowable(ErrorHandler.java:206)
	at org.openqa.selenium.remote.ErrorHandler.throwIfResponseFailed(ErrorHandler.java:158)
	at org.openqa.selenium.remote.RemoteWebDriver.execute(RemoteWebDriver.java:678)
	at io.appium.java_client.DefaultGenericMobileDriver.execute(DefaultGenericMobileDriver.java:40)
	at io.appium.java_client.AppiumDriver.execute(AppiumDriver.java:1)
	at io.appium.java_client.android.AndroidDriver.execute(AndroidDriver.java:1)
	at io.appium.java_client.AppiumDriver.removeApp(AppiumDriver.java:269)
	at apptest.WP_CompraChecaValor.tearDown(WP_CompraChecaValor.java:250)
	at sun.reflect.NativeMethodAccessorImpl.invoke0(Native Method)
	at sun.reflect.NativeMethodAccessorImpl.invoke(Unknown Source)
	at sun.reflect.DelegatingMethodAccessorImpl.invoke(Unknown Source)
	at java.lang.reflect.Method.invoke(Unknown Source)
	at org.testng.internal.MethodInvocationHelper.invokeMethod(MethodInvocationHelper.java:85)
	at org.testng.internal.Invoker.invokeConfigurationMethod(Invoker.java:510)
	at org.testng.internal.Invoker.invokeConfigurations(Invoker.java:211)
	at org.testng.internal.Invoker.invokeMethod(Invoker.java:703)
	at org.testng.internal.Invoker.invokeTestMethod(Invoker.java:816)
	at org.testng.internal.Invoker.invokeTestMethods(Invoker.java:1124)
	at org.testng.internal.TestMethodWorker.invokeTestMethods(TestMethodWorker.java:125)
	at org.testng.internal.TestMethodWorker.run(TestMethodWorker.java:108)
	at org.testng.TestRunner.privateRun(TestRunner.java:774)
	at org.testng.TestRunner.run(TestRunner.java:624)
	at org.testng.SuiteRunner.runTest(SuiteRunner.java:359)
	at org.testng.SuiteRunner.runSequentially(SuiteRunner.java:354)
	at org.testng.SuiteRunner.privateRun(SuiteRunner.java:312)
	at org.testng.SuiteRunner.run(SuiteRunner.java:261)
	at org.testng.SuiteRunnerWorker.runSuite(SuiteRunnerWorker.java:52)
	at org.testng.SuiteRunnerWorker.run(SuiteRunnerWorker.java:86)
	at org.testng.TestNG.runSuitesSequentially(TestNG.java:1215)
	at org.testng.TestNG.runSuitesLocally(TestNG.java:1140)
	at org.testng.TestNG.run(TestNG.java:1048)
	at org.testng.remote.AbstractRemoteTestNG.run(AbstractRemoteTestNG.java:114)
	at org.testng.remote.RemoteTestNG.initAndRun(RemoteTestNG.java:251)
	at org.testng.remote.RemoteTestNG.main(RemoteTestNG.java:77)
]]>
            </full-stacktrace>
          </exception> <!-- org.openqa.selenium.WebDriverException -->
          <reporter-output>
          </reporter-output>
        </test-method> <!-- tearDown -->
      </class> <!-- apptest.WP_CompraChecaValor -->
    </test> <!-- Default test -->
  </suite> <!-- Default suite -->
</testng-results>
