<?xml version="1.0" encoding="UTF-8"?>
<testng-results skipped="0" failed="0" total="1" passed="1">
  <reporter-output>
  </reporter-output>
  <suite name="Default suite" duration-ms="264520" started-at="2018-10-02T12:04:11Z" finished-at="2018-10-02T12:08:35Z">
    <groups>
    </groups>
    <test name="Default test" duration-ms="264520" started-at="2018-10-02T12:04:11Z" finished-at="2018-10-02T12:08:35Z">
      <class name="apptest.CopyofWP_EmporioDaCerveja">
        <test-method status="PASS" signature="setUp(java.lang.String)[pri:0, instance:apptest.CopyofWP_EmporioDaCerveja@3327bd23]" name="setUp" is-config="true" duration-ms="12543" started-at="2018-10-02T09:04:11Z" finished-at="2018-10-02T09:04:23Z">
          <params>
            <param index="0">
              <value>
                <![CDATA[@os='android']]>
              </value>
            </param>
          </params>
          <reporter-output>
          </reporter-output>
        </test-method> <!-- setUp -->
        <test-method status="PASS" signature="testeemporiodacerveja()[pri:0, instance:apptest.CopyofWP_EmporioDaCerveja@3327bd23]" name="testeemporiodacerveja" duration-ms="239234" started-at="2018-10-02T09:04:23Z" finished-at="2018-10-02T09:08:23Z">
          <reporter-output>
          </reporter-output>
        </test-method> <!-- testeemporiodacerveja -->
        <test-method status="PASS" signature="tearDown(org.testng.ITestResult)[pri:0, instance:apptest.CopyofWP_EmporioDaCerveja@3327bd23]" name="tearDown" is-config="true" duration-ms="12708" started-at="2018-10-02T09:08:23Z" finished-at="2018-10-02T09:08:35Z">
          <params>
            <param index="0">
              <value>
                <![CDATA[[TestResult name=testeemporiodacerveja status=SUCCESS method=CopyofWP_EmporioDaCerveja.testeemporiodacerveja()[pri:0, instance:apptest.CopyofWP_EmporioDaCerveja@3327bd23] output={null}]]]>
              </value>
            </param>
          </params>
          <reporter-output>
          </reporter-output>
        </test-method> <!-- tearDown -->
      </class> <!-- apptest.CopyofWP_EmporioDaCerveja -->
    </test> <!-- Default test -->
  </suite> <!-- Default suite -->
</testng-results>
