<?xml version="1.0" encoding="UTF-8"?>
<testng-results skipped="0" failed="0" total="1" passed="1">
  <reporter-output>
  </reporter-output>
  <suite name="Default suite" duration-ms="110297" started-at="2018-03-12T15:04:17Z" finished-at="2018-03-12T15:06:07Z">
    <groups>
    </groups>
    <test name="Default test" duration-ms="110297" started-at="2018-03-12T15:04:17Z" finished-at="2018-03-12T15:06:07Z">
      <class name="apptest.WP_CadastroInvalido">
        <test-method status="PASS" signature="setUp(java.lang.String)[pri:0, instance:apptest.WP_CadastroInvalido@3c0f93f1]" name="setUp" is-config="true" duration-ms="35379" started-at="2018-03-12T12:04:17Z" finished-at="2018-03-12T12:04:52Z">
          <params>
            <param index="0">
              <value>
                <![CDATA[@os='android']]>
              </value>
            </param>
          </params>
          <reporter-output>
          </reporter-output>
        </test-method> <!-- setUp -->
        <test-method status="PASS" signature="testTeste_cadastro_campos_invalidos()[pri:0, instance:apptest.WP_CadastroInvalido@3c0f93f1]" name="testTeste_cadastro_campos_invalidos" duration-ms="65320" started-at="2018-03-12T12:04:52Z" finished-at="2018-03-12T12:05:58Z">
          <reporter-output>
          </reporter-output>
        </test-method> <!-- testTeste_cadastro_campos_invalidos -->
        <test-method status="PASS" signature="tearDown(org.testng.ITestResult)[pri:0, instance:apptest.WP_CadastroInvalido@3c0f93f1]" name="tearDown" is-config="true" duration-ms="9595" started-at="2018-03-12T12:05:58Z" finished-at="2018-03-12T12:06:07Z">
          <params>
            <param index="0">
              <value>
                <![CDATA[[TestResult name=testTeste_cadastro_campos_invalidos status=SUCCESS method=WP_CadastroInvalido.testTeste_cadastro_campos_invalidos()[pri:0, instance:apptest.WP_CadastroInvalido@3c0f93f1] output={null}]]]>
              </value>
            </param>
          </params>
          <reporter-output>
          </reporter-output>
        </test-method> <!-- tearDown -->
      </class> <!-- apptest.WP_CadastroInvalido -->
    </test> <!-- Default test -->
  </suite> <!-- Default suite -->
</testng-results>
