<?xml version="1.0" encoding="UTF-8"?>
<testng-results skipped="0" failed="0" total="1" passed="1">
  <reporter-output>
  </reporter-output>
  <suite name="Default suite" duration-ms="209980" started-at="2018-03-08T13:52:49Z" finished-at="2018-03-08T13:56:19Z">
    <groups>
    </groups>
    <test name="Default test" duration-ms="209980" started-at="2018-03-08T13:52:49Z" finished-at="2018-03-08T13:56:19Z">
      <class name="apptest.WP_Cadastro">
        <test-method status="PASS" signature="setUp(java.lang.String)[pri:0, instance:apptest.WP_Cadastro@a67c67e]" name="setUp" is-config="true" duration-ms="21773" started-at="2018-03-08T10:52:49Z" finished-at="2018-03-08T10:53:11Z">
          <params>
            <param index="0">
              <value>
                <![CDATA[@os='android']]>
              </value>
            </param>
          </params>
          <reporter-output>
          </reporter-output>
        </test-method> <!-- setUp -->
        <test-method status="PASS" signature="testing()[pri:0, instance:apptest.WP_Cadastro@a67c67e]" name="testing" duration-ms="183175" started-at="2018-03-08T10:53:11Z" finished-at="2018-03-08T10:56:14Z">
          <reporter-output>
          </reporter-output>
        </test-method> <!-- testing -->
        <test-method status="PASS" signature="tearDown(org.testng.ITestResult)[pri:0, instance:apptest.WP_Cadastro@a67c67e]" name="tearDown" is-config="true" duration-ms="5031" started-at="2018-03-08T10:56:14Z" finished-at="2018-03-08T10:56:19Z">
          <params>
            <param index="0">
              <value>
                <![CDATA[[TestResult name=testing status=SUCCESS method=WP_Cadastro.testing()[pri:0, instance:apptest.WP_Cadastro@a67c67e] output={null}]]]>
              </value>
            </param>
          </params>
          <reporter-output>
          </reporter-output>
        </test-method> <!-- tearDown -->
      </class> <!-- apptest.WP_Cadastro -->
    </test> <!-- Default test -->
  </suite> <!-- Default suite -->
</testng-results>
