<?xml version="1.0" encoding="UTF-8"?>
<testng-results skipped="0" failed="1" total="1" passed="0">
  <reporter-output>
  </reporter-output>
  <suite name="Default suite" duration-ms="272372" started-at="2018-10-01T14:06:26Z" finished-at="2018-10-01T14:10:59Z">
    <groups>
    </groups>
    <test name="Default test" duration-ms="272372" started-at="2018-10-01T14:06:26Z" finished-at="2018-10-01T14:10:59Z">
      <class name="apptest.CopyofWP_EmporioDaCerveja">
        <test-method status="PASS" signature="setUp(java.lang.String)[pri:0, instance:apptest.CopyofWP_EmporioDaCerveja@3327bd23]" name="setUp" is-config="true" duration-ms="8976" started-at="2018-10-01T11:06:26Z" finished-at="2018-10-01T11:06:35Z">
          <params>
            <param index="0">
              <value>
                <![CDATA[@os='android']]>
              </value>
            </param>
          </params>
          <reporter-output>
          </reporter-output>
        </test-method> <!-- setUp -->
        <test-method status="FAIL" signature="testeemporiodacerveja()[pri:0, instance:apptest.CopyofWP_EmporioDaCerveja@3327bd23]" name="testeemporiodacerveja" duration-ms="251180" started-at="2018-10-01T11:06:35Z" finished-at="2018-10-01T11:10:47Z">
          <exception class="java.lang.AssertionError">
            <message>
              <![CDATA[expected [false] but found [true]]]>
            </message>
            <full-stacktrace>
              <![CDATA[java.lang.AssertionError: expected [false] but found [true]
	at org.testng.Assert.fail(Assert.java:94)
	at org.testng.Assert.failNotEquals(Assert.java:496)
	at org.testng.Assert.assertEquals(Assert.java:125)
	at org.testng.Assert.assertEquals(Assert.java:288)
	at org.testng.Assert.assertEquals(Assert.java:298)
	at apptest.CopyofWP_EmporioDaCerveja.testeemporiodacerveja(CopyofWP_EmporioDaCerveja.java:104)
	at sun.reflect.NativeMethodAccessorImpl.invoke0(Native Method)
	at sun.reflect.NativeMethodAccessorImpl.invoke(Unknown Source)
	at sun.reflect.DelegatingMethodAccessorImpl.invoke(Unknown Source)
	at java.lang.reflect.Method.invoke(Unknown Source)
	at org.testng.internal.MethodInvocationHelper.invokeMethod(MethodInvocationHelper.java:85)
	at org.testng.internal.Invoker.invokeMethod(Invoker.java:639)
	at org.testng.internal.Invoker.invokeTestMethod(Invoker.java:816)
	at org.testng.internal.Invoker.invokeTestMethods(Invoker.java:1124)
	at org.testng.internal.TestMethodWorker.invokeTestMethods(TestMethodWorker.java:125)
	at org.testng.internal.TestMethodWorker.run(TestMethodWorker.java:108)
	at org.testng.TestRunner.privateRun(TestRunner.java:774)
	at org.testng.TestRunner.run(TestRunner.java:624)
	at org.testng.SuiteRunner.runTest(SuiteRunner.java:359)
	at org.testng.SuiteRunner.runSequentially(SuiteRunner.java:354)
	at org.testng.SuiteRunner.privateRun(SuiteRunner.java:312)
	at org.testng.SuiteRunner.run(SuiteRunner.java:261)
	at org.testng.SuiteRunnerWorker.runSuite(SuiteRunnerWorker.java:52)
	at org.testng.SuiteRunnerWorker.run(SuiteRunnerWorker.java:86)
	at org.testng.TestNG.runSuitesSequentially(TestNG.java:1215)
	at org.testng.TestNG.runSuitesLocally(TestNG.java:1140)
	at org.testng.TestNG.run(TestNG.java:1048)
	at org.testng.remote.AbstractRemoteTestNG.run(AbstractRemoteTestNG.java:114)
	at org.testng.remote.RemoteTestNG.initAndRun(RemoteTestNG.java:251)
	at org.testng.remote.RemoteTestNG.main(RemoteTestNG.java:77)
]]>
            </full-stacktrace>
          </exception> <!-- java.lang.AssertionError -->
          <reporter-output>
          </reporter-output>
        </test-method> <!-- testeemporiodacerveja -->
        <test-method status="PASS" signature="tearDown(org.testng.ITestResult)[pri:0, instance:apptest.CopyofWP_EmporioDaCerveja@3327bd23]" name="tearDown" is-config="true" duration-ms="12179" started-at="2018-10-01T11:10:47Z" finished-at="2018-10-01T11:10:59Z">
          <params>
            <param index="0">
              <value>
                <![CDATA[[TestResult name=testeemporiodacerveja status=FAILURE method=CopyofWP_EmporioDaCerveja.testeemporiodacerveja()[pri:0, instance:apptest.CopyofWP_EmporioDaCerveja@3327bd23] output={null}]]]>
              </value>
            </param>
          </params>
          <reporter-output>
          </reporter-output>
        </test-method> <!-- tearDown -->
      </class> <!-- apptest.CopyofWP_EmporioDaCerveja -->
    </test> <!-- Default test -->
  </suite> <!-- Default suite -->
</testng-results>
