<?xml version="1.0" encoding="UTF-8"?>
<testng-results skipped="0" failed="0" total="1" passed="1">
  <reporter-output>
  </reporter-output>
  <suite name="Default suite" duration-ms="112900" started-at="2018-08-30T19:06:28Z" finished-at="2018-08-30T19:08:21Z">
    <groups>
    </groups>
    <test name="Default test" duration-ms="112900" started-at="2018-08-30T19:06:28Z" finished-at="2018-08-30T19:08:21Z">
      <class name="apptest.TesteDoCaio">
        <test-method status="PASS" signature="setUp(java.lang.String)[pri:0, instance:apptest.TesteDoCaio@3327bd23]" name="setUp" is-config="true" duration-ms="7570" started-at="2018-08-30T16:06:28Z" finished-at="2018-08-30T16:06:36Z">
          <params>
            <param index="0">
              <value>
                <![CDATA[@os='android']]>
              </value>
            </param>
          </params>
          <reporter-output>
          </reporter-output>
        </test-method> <!-- setUp -->
        <test-method status="PASS" signature="testeLogin()[pri:0, instance:apptest.TesteDoCaio@3327bd23]" name="testeLogin" duration-ms="97969" started-at="2018-08-30T16:06:36Z" finished-at="2018-08-30T16:08:14Z">
          <reporter-output>
          </reporter-output>
        </test-method> <!-- testeLogin -->
        <test-method status="PASS" signature="tearDown(org.testng.ITestResult)[pri:0, instance:apptest.TesteDoCaio@3327bd23]" name="tearDown" is-config="true" duration-ms="7330" started-at="2018-08-30T16:08:14Z" finished-at="2018-08-30T16:08:21Z">
          <params>
            <param index="0">
              <value>
                <![CDATA[[TestResult name=testeLogin status=SUCCESS method=TesteDoCaio.testeLogin()[pri:0, instance:apptest.TesteDoCaio@3327bd23] output={null}]]]>
              </value>
            </param>
          </params>
          <reporter-output>
          </reporter-output>
        </test-method> <!-- tearDown -->
      </class> <!-- apptest.TesteDoCaio -->
    </test> <!-- Default test -->
  </suite> <!-- Default suite -->
</testng-results>
