<?xml version="1.0" encoding="UTF-8"?>
<testng-results skipped="0" failed="0" total="1" passed="1">
  <reporter-output>
  </reporter-output>
  <suite name="Default suite" duration-ms="112838" started-at="2018-08-03T17:41:43Z" finished-at="2018-08-03T17:43:36Z">
    <groups>
    </groups>
    <test name="Default test" duration-ms="112838" started-at="2018-08-03T17:41:43Z" finished-at="2018-08-03T17:43:36Z">
      <class name="apptest.WP_TermosDeUso">
        <test-method status="PASS" signature="setUp(java.lang.String)[pri:0, instance:apptest.WP_TermosDeUso@3327bd23]" name="setUp" is-config="true" duration-ms="8156" started-at="2018-08-03T14:41:43Z" finished-at="2018-08-03T14:41:51Z">
          <params>
            <param index="0">
              <value>
                <![CDATA[@os='android']]>
              </value>
            </param>
          </params>
          <reporter-output>
          </reporter-output>
        </test-method> <!-- setUp -->
        <test-method status="PASS" signature="testeinteracaoproduto()[pri:0, instance:apptest.WP_TermosDeUso@3327bd23]" name="testeinteracaoproduto" duration-ms="96982" started-at="2018-08-03T14:41:51Z" finished-at="2018-08-03T14:43:28Z">
          <reporter-output>
          </reporter-output>
        </test-method> <!-- testeinteracaoproduto -->
        <test-method status="PASS" signature="tearDown(org.testng.ITestResult)[pri:0, instance:apptest.WP_TermosDeUso@3327bd23]" name="tearDown" is-config="true" duration-ms="7674" started-at="2018-08-03T14:43:28Z" finished-at="2018-08-03T14:43:36Z">
          <params>
            <param index="0">
              <value>
                <![CDATA[[TestResult name=testeinteracaoproduto status=SUCCESS method=WP_TermosDeUso.testeinteracaoproduto()[pri:0, instance:apptest.WP_TermosDeUso@3327bd23] output={null}]]]>
              </value>
            </param>
          </params>
          <reporter-output>
          </reporter-output>
        </test-method> <!-- tearDown -->
      </class> <!-- apptest.WP_TermosDeUso -->
    </test> <!-- Default test -->
  </suite> <!-- Default suite -->
</testng-results>
