<?xml version="1.0" encoding="UTF-8"?>
<testng-results skipped="0" failed="0" total="1" passed="1">
  <reporter-output>
  </reporter-output>
  <suite name="Default suite" duration-ms="171890" started-at="2018-03-19T18:22:43Z" finished-at="2018-03-19T18:25:35Z">
    <groups>
    </groups>
    <test name="Default test" duration-ms="171890" started-at="2018-03-19T18:22:43Z" finished-at="2018-03-19T18:25:35Z">
      <class name="apptest.IOSTest">
        <test-method status="PASS" signature="setUp(java.lang.String)[pri:0, instance:apptest.IOSTest@10bdf5e5]" name="setUp" is-config="true" duration-ms="128678" started-at="2018-03-19T15:22:43Z" finished-at="2018-03-19T15:24:52Z">
          <params>
            <param index="0">
              <value>
                <![CDATA[@os='ios']]>
              </value>
            </param>
          </params>
          <reporter-output>
          </reporter-output>
        </test-method> <!-- setUp -->
        <test-method status="PASS" signature="test()[pri:0, instance:apptest.IOSTest@10bdf5e5]" name="test" duration-ms="43201" started-at="2018-03-19T15:24:52Z" finished-at="2018-03-19T15:25:35Z">
          <reporter-output>
          </reporter-output>
        </test-method> <!-- test -->
      </class> <!-- apptest.IOSTest -->
    </test> <!-- Default test -->
  </suite> <!-- Default suite -->
</testng-results>
