<?xml version="1.0" encoding="UTF-8"?>
<testng-results skipped="0" failed="0" total="1" passed="1">
  <reporter-output>
  </reporter-output>
  <suite name="Default suite" duration-ms="248180" started-at="2018-08-15T18:47:53Z" finished-at="2018-08-15T18:52:01Z">
    <groups>
    </groups>
    <test name="Default test" duration-ms="248180" started-at="2018-08-15T18:47:53Z" finished-at="2018-08-15T18:52:01Z">
      <class name="apptest.WP_EmporioDaCerveja">
        <test-method status="PASS" signature="setUp(java.lang.String)[pri:0, instance:apptest.WP_EmporioDaCerveja@3327bd23]" name="setUp" is-config="true" duration-ms="22930" started-at="2018-08-15T15:47:53Z" finished-at="2018-08-15T15:48:16Z">
          <params>
            <param index="0">
              <value>
                <![CDATA[@os='android']]>
              </value>
            </param>
          </params>
          <reporter-output>
          </reporter-output>
        </test-method> <!-- setUp -->
        <test-method status="PASS" signature="testeemporiodacerveja()[pri:0, instance:apptest.WP_EmporioDaCerveja@3327bd23]" name="testeemporiodacerveja" duration-ms="213626" started-at="2018-08-15T15:48:16Z" finished-at="2018-08-15T15:51:49Z">
          <reporter-output>
          </reporter-output>
        </test-method> <!-- testeemporiodacerveja -->
        <test-method status="PASS" signature="tearDown(org.testng.ITestResult)[pri:0, instance:apptest.WP_EmporioDaCerveja@3327bd23]" name="tearDown" is-config="true" duration-ms="11598" started-at="2018-08-15T15:51:49Z" finished-at="2018-08-15T15:52:01Z">
          <params>
            <param index="0">
              <value>
                <![CDATA[[TestResult name=testeemporiodacerveja status=SUCCESS method=WP_EmporioDaCerveja.testeemporiodacerveja()[pri:0, instance:apptest.WP_EmporioDaCerveja@3327bd23] output={null}]]]>
              </value>
            </param>
          </params>
          <reporter-output>
          </reporter-output>
        </test-method> <!-- tearDown -->
      </class> <!-- apptest.WP_EmporioDaCerveja -->
    </test> <!-- Default test -->
  </suite> <!-- Default suite -->
</testng-results>
