<?xml version="1.0" encoding="UTF-8"?>
<testng-results skipped="0" failed="0" total="1" passed="1">
  <reporter-output>
  </reporter-output>
  <suite name="Default suite" duration-ms="88633" started-at="2018-03-07T18:22:59Z" finished-at="2018-03-07T18:24:28Z">
    <groups>
    </groups>
    <test name="Default test" duration-ms="88633" started-at="2018-03-07T18:22:59Z" finished-at="2018-03-07T18:24:28Z">
      <class name="test.WP_CadastroEmBranco">
        <test-method status="PASS" signature="setUp(java.lang.String)[pri:0, instance:test.WP_CadastroEmBranco@a67c67e]" name="setUp" is-config="true" duration-ms="35416" started-at="2018-03-07T15:22:59Z" finished-at="2018-03-07T15:23:34Z">
          <params>
            <param index="0">
              <value>
                <![CDATA[@os='android']]>
              </value>
            </param>
          </params>
          <reporter-output>
          </reporter-output>
        </test-method> <!-- setUp -->
        <test-method status="PASS" signature="testTeste_de_cadastro_campos_em_branco()[pri:0, instance:test.WP_CadastroEmBranco@a67c67e]" name="testTeste_de_cadastro_campos_em_branco" duration-ms="50520" started-at="2018-03-07T15:23:34Z" finished-at="2018-03-07T15:24:25Z">
          <reporter-output>
          </reporter-output>
        </test-method> <!-- testTeste_de_cadastro_campos_em_branco -->
        <test-method status="FAIL" signature="tearDown(org.testng.ITestResult)[pri:0, instance:test.WP_CadastroEmBranco@a67c67e]" name="tearDown" is-config="true" duration-ms="0" started-at="2018-03-07T15:24:25Z" finished-at="2018-03-07T15:24:25Z">
          <params>
            <param index="0">
              <value>
                <![CDATA[[TestResult name=testTeste_de_cadastro_campos_em_branco status=SUCCESS method=WP_CadastroEmBranco.testTeste_de_cadastro_campos_em_branco()[pri:0, instance:test.WP_CadastroEmBranco@a67c67e] output={null}]]]>
              </value>
            </param>
          </params>
          <exception class="org.openqa.selenium.WebDriverException">
            <message>
              <![CDATA[Could not forward request http://62.90.196.19:7780/wd/hub/session/CLOUD-SID:2018-03-07_20-23-08-06a63b72-f9cc-4818-aa64-c238b0c54ce5/execute for session CLOUD-SID:2018-03-07_20-23-08-06a63b72-f9cc-4818-aa64-c238b0c54ce5 (WARNING: The server did not provide any stacktrace information)
Command duration or timeout: 1.47 seconds
Build info: version: '2.53.1', revision: 'a36b8b1cd5757287168e54b817830adce9b0158d', time: '2016-06-30 19:26:09'
System info: host: 'USPL5VDR0L2', ip: '192.168.56.1', os.name: 'Windows 7', os.arch: 'amd64', os.version: '6.1', java.version: '1.8.0_162'
Driver info: io.appium.java_client.android.AndroidDriver
Capabilities [{appPackage=com.consul.android.smartbeer.staging, device.majorVersion=7.0.x, dontGoHomeOnQuit=false, device.os=Android, noReset=false, dontStopAppOnReset=false, reservationDuration=240, reportFormat=xml, fullReset=false, platform=ANY, desired={app=cloud:com.consul.android.smartbeer.staging/com.whirlpool.ted.View.SplashActivity, appPackage=com.consul.android.smartbeer.staging, appActivity=com.whirlpool.ted.View.SplashActivity, deviceQuery=@serialnumber='ce061716ba5f3cdd0d7e', reportDirectory=reports, reportFormat=xml, platformName=Android, testName=WP_CadastroEmBrancoGalaxys8Android7.0}, device.serialNumber=ce061716ba5f3cdd0d7e, locationServicesAuthorized=false, device.version=7.1.1, deviceQuery=@serialnumber='ce061716ba5f3cdd0d7e', reportDirectory=reports, autoWebview=false, platformName=Android, testName=WP_CadastroEmBrancoGalaxys8Android7.0, device.screenSize=1080x2220, useKeystore=false, app=cloud:com.consul.android.smartbeer.staging/com.whirlpool.ted.View.SplashActivity, cloudViewLink=http://null/agent-132784/#/bZ2QsDHAycchZw9i?1
Picked up Grid Node (seetest_7780)
Reserved Device : Samsung Galaxy S8 (2), device.manufacture=samsung, instrumentApp=false, device.category=PHONE, autoDismissAlerts=false, reportUrl=http://reporter.seetest.io/#/test/28, keystorePath=~/.android/debug.keystore, appActivity=com.whirlpool.ted.View.SplashActivity, waitForDeviceTimeout=120000, device.model=SM-N950F, device.name=Samsung Galaxy S8 (2), projectName=, gridNodePort=7780, autoAcceptAlerts=false}]
Session ID: CLOUD-SID:2018-03-07_20-23-08-06a63b72-f9cc-4818-aa64-c238b0c54ce5]]>
            </message>
            <full-stacktrace>
              <![CDATA[org.openqa.selenium.WebDriverException: Could not forward request http://62.90.196.19:7780/wd/hub/session/CLOUD-SID:2018-03-07_20-23-08-06a63b72-f9cc-4818-aa64-c238b0c54ce5/execute for session CLOUD-SID:2018-03-07_20-23-08-06a63b72-f9cc-4818-aa64-c238b0c54ce5 (WARNING: The server did not provide any stacktrace information)
Command duration or timeout: 1.47 seconds
Build info: version: '2.53.1', revision: 'a36b8b1cd5757287168e54b817830adce9b0158d', time: '2016-06-30 19:26:09'
System info: host: 'USPL5VDR0L2', ip: '192.168.56.1', os.name: 'Windows 7', os.arch: 'amd64', os.version: '6.1', java.version: '1.8.0_162'
Driver info: io.appium.java_client.android.AndroidDriver
Capabilities [{appPackage=com.consul.android.smartbeer.staging, device.majorVersion=7.0.x, dontGoHomeOnQuit=false, device.os=Android, noReset=false, dontStopAppOnReset=false, reservationDuration=240, reportFormat=xml, fullReset=false, platform=ANY, desired={app=cloud:com.consul.android.smartbeer.staging/com.whirlpool.ted.View.SplashActivity, appPackage=com.consul.android.smartbeer.staging, appActivity=com.whirlpool.ted.View.SplashActivity, deviceQuery=@serialnumber='ce061716ba5f3cdd0d7e', reportDirectory=reports, reportFormat=xml, platformName=Android, testName=WP_CadastroEmBrancoGalaxys8Android7.0}, device.serialNumber=ce061716ba5f3cdd0d7e, locationServicesAuthorized=false, device.version=7.1.1, deviceQuery=@serialnumber='ce061716ba5f3cdd0d7e', reportDirectory=reports, autoWebview=false, platformName=Android, testName=WP_CadastroEmBrancoGalaxys8Android7.0, device.screenSize=1080x2220, useKeystore=false, app=cloud:com.consul.android.smartbeer.staging/com.whirlpool.ted.View.SplashActivity, cloudViewLink=http://null/agent-132784/#/bZ2QsDHAycchZw9i?1
Picked up Grid Node (seetest_7780)
Reserved Device : Samsung Galaxy S8 (2), device.manufacture=samsung, instrumentApp=false, device.category=PHONE, autoDismissAlerts=false, reportUrl=http://reporter.seetest.io/#/test/28, keystorePath=~/.android/debug.keystore, appActivity=com.whirlpool.ted.View.SplashActivity, waitForDeviceTimeout=120000, device.model=SM-N950F, device.name=Samsung Galaxy S8 (2), projectName=, gridNodePort=7780, autoAcceptAlerts=false}]
Session ID: CLOUD-SID:2018-03-07_20-23-08-06a63b72-f9cc-4818-aa64-c238b0c54ce5
	at sun.reflect.NativeConstructorAccessorImpl.newInstance0(Native Method)
	at sun.reflect.NativeConstructorAccessorImpl.newInstance(Unknown Source)
	at sun.reflect.DelegatingConstructorAccessorImpl.newInstance(Unknown Source)
	at java.lang.reflect.Constructor.newInstance(Unknown Source)
	at org.openqa.selenium.remote.ErrorHandler.createThrowable(ErrorHandler.java:206)
	at org.openqa.selenium.remote.ErrorHandler.throwIfResponseFailed(ErrorHandler.java:158)
	at org.openqa.selenium.remote.RemoteWebDriver.execute(RemoteWebDriver.java:678)
	at io.appium.java_client.DefaultGenericMobileDriver.execute(DefaultGenericMobileDriver.java:40)
	at io.appium.java_client.AppiumDriver.execute(AppiumDriver.java:1)
	at io.appium.java_client.android.AndroidDriver.execute(AndroidDriver.java:1)
	at org.openqa.selenium.remote.RemoteWebDriver.executeScript(RemoteWebDriver.java:577)
	at com.experitest.appium.SeeTestClient.execute(SeeTestClient.java:31)
	at com.experitest.appium.SeeTestClient.execute(SeeTestClient.java:27)
	at com.experitest.appium.SeeTestClient.releaseDevice(SeeTestClient.java:472)
	at test.WP_CadastroEmBranco.tearDown(WP_CadastroEmBranco.java:92)
	at sun.reflect.NativeMethodAccessorImpl.invoke0(Native Method)
	at sun.reflect.NativeMethodAccessorImpl.invoke(Unknown Source)
	at sun.reflect.DelegatingMethodAccessorImpl.invoke(Unknown Source)
	at java.lang.reflect.Method.invoke(Unknown Source)
	at org.testng.internal.MethodInvocationHelper.invokeMethod(MethodInvocationHelper.java:85)
	at org.testng.internal.Invoker.invokeConfigurationMethod(Invoker.java:510)
	at org.testng.internal.Invoker.invokeConfigurations(Invoker.java:211)
	at org.testng.internal.Invoker.invokeMethod(Invoker.java:703)
	at org.testng.internal.Invoker.invokeTestMethod(Invoker.java:816)
	at org.testng.internal.Invoker.invokeTestMethods(Invoker.java:1124)
	at org.testng.internal.TestMethodWorker.invokeTestMethods(TestMethodWorker.java:125)
	at org.testng.internal.TestMethodWorker.run(TestMethodWorker.java:108)
	at org.testng.TestRunner.privateRun(TestRunner.java:774)
	at org.testng.TestRunner.run(TestRunner.java:624)
	at org.testng.SuiteRunner.runTest(SuiteRunner.java:359)
	at org.testng.SuiteRunner.runSequentially(SuiteRunner.java:354)
	at org.testng.SuiteRunner.privateRun(SuiteRunner.java:312)
	at org.testng.SuiteRunner.run(SuiteRunner.java:261)
	at org.testng.SuiteRunnerWorker.runSuite(SuiteRunnerWorker.java:52)
	at org.testng.SuiteRunnerWorker.run(SuiteRunnerWorker.java:86)
	at org.testng.TestNG.runSuitesSequentially(TestNG.java:1215)
	at org.testng.TestNG.runSuitesLocally(TestNG.java:1140)
	at org.testng.TestNG.run(TestNG.java:1048)
	at org.testng.remote.AbstractRemoteTestNG.run(AbstractRemoteTestNG.java:114)
	at org.testng.remote.RemoteTestNG.initAndRun(RemoteTestNG.java:251)
	at org.testng.remote.RemoteTestNG.main(RemoteTestNG.java:77)
]]>
            </full-stacktrace>
          </exception> <!-- org.openqa.selenium.WebDriverException -->
          <reporter-output>
          </reporter-output>
        </test-method> <!-- tearDown -->
      </class> <!-- test.WP_CadastroEmBranco -->
    </test> <!-- Default test -->
  </suite> <!-- Default suite -->
</testng-results>
