<?xml version="1.0" encoding="UTF-8"?>
<testng-results skipped="0" failed="0" total="1" passed="1">
  <reporter-output>
  </reporter-output>
  <suite name="Default suite" duration-ms="101077" started-at="2018-05-10T16:30:00Z" finished-at="2018-05-10T16:31:41Z">
    <groups>
    </groups>
    <test name="Default test" duration-ms="101077" started-at="2018-05-10T16:30:00Z" finished-at="2018-05-10T16:31:41Z">
      <class name="apptest.WP_CadastroEmBranco">
        <test-method status="PASS" signature="setUp(java.lang.String)[pri:0, instance:apptest.WP_CadastroEmBranco@3c0f93f1]" name="setUp" is-config="true" duration-ms="32729" started-at="2018-05-10T13:30:00Z" finished-at="2018-05-10T13:30:33Z">
          <params>
            <param index="0">
              <value>
                <![CDATA[@os='android']]>
              </value>
            </param>
          </params>
          <reporter-output>
          </reporter-output>
        </test-method> <!-- setUp -->
        <test-method status="PASS" signature="testedecadastrobranco()[pri:0, instance:apptest.WP_CadastroEmBranco@3c0f93f1]" name="testedecadastrobranco" duration-ms="46646" started-at="2018-05-10T13:30:33Z" finished-at="2018-05-10T13:31:19Z">
          <reporter-output>
          </reporter-output>
        </test-method> <!-- testedecadastrobranco -->
        <test-method status="PASS" signature="tearDown(org.testng.ITestResult)[pri:0, instance:apptest.WP_CadastroEmBranco@3c0f93f1]" name="tearDown" is-config="true" duration-ms="21680" started-at="2018-05-10T13:31:19Z" finished-at="2018-05-10T13:31:41Z">
          <params>
            <param index="0">
              <value>
                <![CDATA[[TestResult name=testedecadastrobranco status=SUCCESS method=WP_CadastroEmBranco.testedecadastrobranco()[pri:0, instance:apptest.WP_CadastroEmBranco@3c0f93f1] output={null}]]]>
              </value>
            </param>
          </params>
          <reporter-output>
          </reporter-output>
        </test-method> <!-- tearDown -->
      </class> <!-- apptest.WP_CadastroEmBranco -->
    </test> <!-- Default test -->
  </suite> <!-- Default suite -->
</testng-results>
