<?xml version="1.0" encoding="UTF-8"?>
<testng-results skipped="0" failed="0" total="1" passed="1">
  <reporter-output>
  </reporter-output>
  <suite name="Default suite" duration-ms="247427" started-at="2018-09-11T10:40:56Z" finished-at="2018-09-11T10:45:03Z">
    <groups>
    </groups>
    <test name="Default test" duration-ms="247427" started-at="2018-09-11T10:40:56Z" finished-at="2018-09-11T10:45:03Z">
      <class name="apptest.WP_Cadastro">
        <test-method status="PASS" signature="setUp(java.lang.String)[pri:0, instance:apptest.WP_Cadastro@3c0f93f1]" name="setUp" is-config="true" duration-ms="21328" started-at="2018-09-11T07:40:56Z" finished-at="2018-09-11T07:41:17Z">
          <params>
            <param index="0">
              <value>
                <![CDATA[@os='android']]>
              </value>
            </param>
          </params>
          <reporter-output>
          </reporter-output>
        </test-method> <!-- setUp -->
        <test-method status="PASS" signature="cadastro()[pri:0, instance:apptest.WP_Cadastro@3c0f93f1]" name="cadastro" duration-ms="211480" started-at="2018-09-11T07:41:17Z" finished-at="2018-09-11T07:44:48Z">
          <reporter-output>
          </reporter-output>
        </test-method> <!-- cadastro -->
        <test-method status="PASS" signature="tearDown(org.testng.ITestResult)[pri:0, instance:apptest.WP_Cadastro@3c0f93f1]" name="tearDown" is-config="true" duration-ms="14584" started-at="2018-09-11T07:44:48Z" finished-at="2018-09-11T07:45:03Z">
          <params>
            <param index="0">
              <value>
                <![CDATA[[TestResult name=cadastro status=SUCCESS method=WP_Cadastro.cadastro()[pri:0, instance:apptest.WP_Cadastro@3c0f93f1] output={null}]]]>
              </value>
            </param>
          </params>
          <reporter-output>
          </reporter-output>
        </test-method> <!-- tearDown -->
      </class> <!-- apptest.WP_Cadastro -->
    </test> <!-- Default test -->
  </suite> <!-- Default suite -->
</testng-results>
