<?xml version="1.0" encoding="UTF-8"?>
<testng-results skipped="0" failed="0" total="1" passed="1">
  <reporter-output>
  </reporter-output>
  <suite name="Default suite" duration-ms="218330" started-at="2018-08-07T14:05:13Z" finished-at="2018-08-07T14:08:51Z">
    <groups>
    </groups>
    <test name="Default test" duration-ms="218330" started-at="2018-08-07T14:05:13Z" finished-at="2018-08-07T14:08:51Z">
      <class name="apptest.WP_Cadastro">
        <test-method status="PASS" signature="setUp(java.lang.String)[pri:0, instance:apptest.WP_Cadastro@3c0f93f1]" name="setUp" is-config="true" duration-ms="8825" started-at="2018-08-07T11:05:13Z" finished-at="2018-08-07T11:05:22Z">
          <params>
            <param index="0">
              <value>
                <![CDATA[@os='android']]>
              </value>
            </param>
          </params>
          <reporter-output>
          </reporter-output>
        </test-method> <!-- setUp -->
        <test-method status="PASS" signature="testing()[pri:0, instance:apptest.WP_Cadastro@3c0f93f1]" name="testing" duration-ms="198651" started-at="2018-08-07T11:05:22Z" finished-at="2018-08-07T11:08:40Z">
          <reporter-output>
          </reporter-output>
        </test-method> <!-- testing -->
        <test-method status="PASS" signature="tearDown(org.testng.ITestResult)[pri:0, instance:apptest.WP_Cadastro@3c0f93f1]" name="tearDown" is-config="true" duration-ms="10805" started-at="2018-08-07T11:08:40Z" finished-at="2018-08-07T11:08:51Z">
          <params>
            <param index="0">
              <value>
                <![CDATA[[TestResult name=testing status=SUCCESS method=WP_Cadastro.testing()[pri:0, instance:apptest.WP_Cadastro@3c0f93f1] output={null}]]]>
              </value>
            </param>
          </params>
          <reporter-output>
          </reporter-output>
        </test-method> <!-- tearDown -->
      </class> <!-- apptest.WP_Cadastro -->
    </test> <!-- Default test -->
  </suite> <!-- Default suite -->
</testng-results>
