<?xml version="1.0" encoding="UTF-8"?>
<testng-results skipped="0" failed="0" total="1" passed="1">
  <reporter-output>
  </reporter-output>
  <suite name="Default suite" duration-ms="229185" started-at="2018-07-23T17:59:01Z" finished-at="2018-07-23T18:02:50Z">
    <groups>
    </groups>
    <test name="Default test" duration-ms="229185" started-at="2018-07-23T17:59:01Z" finished-at="2018-07-23T18:02:50Z">
      <class name="apptest.WP_ValorMinimo">
        <test-method status="PASS" signature="setUp(java.lang.String)[pri:0, instance:apptest.WP_ValorMinimo@3327bd23]" name="setUp" is-config="true" duration-ms="28325" started-at="2018-07-23T14:59:01Z" finished-at="2018-07-23T14:59:29Z">
          <params>
            <param index="0">
              <value>
                <![CDATA[@os='android']]>
              </value>
            </param>
          </params>
          <reporter-output>
          </reporter-output>
        </test-method> <!-- setUp -->
        <test-method status="PASS" signature="test_SemDistribuidor()[pri:0, instance:apptest.WP_ValorMinimo@3327bd23]" name="test_SemDistribuidor" duration-ms="192739" started-at="2018-07-23T14:59:29Z" finished-at="2018-07-23T15:02:42Z">
          <reporter-output>
          </reporter-output>
        </test-method> <!-- test_SemDistribuidor -->
        <test-method status="PASS" signature="tearDown(org.testng.ITestResult)[pri:0, instance:apptest.WP_ValorMinimo@3327bd23]" name="tearDown" is-config="true" duration-ms="8078" started-at="2018-07-23T15:02:42Z" finished-at="2018-07-23T15:02:50Z">
          <params>
            <param index="0">
              <value>
                <![CDATA[[TestResult name=test_SemDistribuidor status=SUCCESS method=WP_ValorMinimo.test_SemDistribuidor()[pri:0, instance:apptest.WP_ValorMinimo@3327bd23] output={null}]]]>
              </value>
            </param>
          </params>
          <reporter-output>
          </reporter-output>
        </test-method> <!-- tearDown -->
      </class> <!-- apptest.WP_ValorMinimo -->
    </test> <!-- Default test -->
  </suite> <!-- Default suite -->
</testng-results>
