<?xml version="1.0" encoding="UTF-8"?>
<testng-results skipped="0" failed="0" total="1" passed="1">
  <reporter-output>
  </reporter-output>
  <suite name="Default suite" duration-ms="234214" started-at="2018-10-05T18:25:03Z" finished-at="2018-10-05T18:28:57Z">
    <groups>
    </groups>
    <test name="Default test" duration-ms="234214" started-at="2018-10-05T18:25:03Z" finished-at="2018-10-05T18:28:57Z">
      <class name="apptest.WP_ZeDeliverySemDistribuidor">
        <test-method status="PASS" signature="setUp(java.lang.String)[pri:0, instance:apptest.WP_ZeDeliverySemDistribuidor@3327bd23]" name="setUp" is-config="true" duration-ms="23160" started-at="2018-10-05T15:25:03Z" finished-at="2018-10-05T15:25:26Z">
          <params>
            <param index="0">
              <value>
                <![CDATA[@os='android']]>
              </value>
            </param>
          </params>
          <reporter-output>
          </reporter-output>
        </test-method> <!-- setUp -->
        <test-method status="PASS" signature="test_SemDistribuidor()[pri:0, instance:apptest.WP_ZeDeliverySemDistribuidor@3327bd23]" name="test_SemDistribuidor" duration-ms="203076" started-at="2018-10-05T15:25:26Z" finished-at="2018-10-05T15:28:49Z">
          <reporter-output>
          </reporter-output>
        </test-method> <!-- test_SemDistribuidor -->
        <test-method status="PASS" signature="tearDown(org.testng.ITestResult)[pri:0, instance:apptest.WP_ZeDeliverySemDistribuidor@3327bd23]" name="tearDown" is-config="true" duration-ms="7952" started-at="2018-10-05T15:28:49Z" finished-at="2018-10-05T15:28:57Z">
          <params>
            <param index="0">
              <value>
                <![CDATA[[TestResult name=test_SemDistribuidor status=SUCCESS method=WP_ZeDeliverySemDistribuidor.test_SemDistribuidor()[pri:0, instance:apptest.WP_ZeDeliverySemDistribuidor@3327bd23] output={null}]]]>
              </value>
            </param>
          </params>
          <reporter-output>
          </reporter-output>
        </test-method> <!-- tearDown -->
      </class> <!-- apptest.WP_ZeDeliverySemDistribuidor -->
    </test> <!-- Default test -->
  </suite> <!-- Default suite -->
</testng-results>
