<?xml version="1.0" encoding="UTF-8"?>
<!-- Generated by org.testng.reporters.JUnitReportReporter -->
<testsuite hostname="USPL5VDR0L2" name="apptest.WP_CadastroInvalidoIOS" tests="1" failures="0" timestamp="22 Mar 2018 12:28:31 GMT" time="142.957" errors="1">
  <testcase name="testecadastroinvalidoIOS" time="142.957" classname="apptest.WP_CadastroInvalidoIOS">
    <error type="org.openqa.selenium.NoSuchElementException" message="no such element (An element could not be located on the page using the given search parameters (XPATH=&#039;//*[@id=&#039;password_view&#039;]&#039;))  (WARNING: The server did not provide any stacktrace information)
Command duration or timeout: 1.75 seconds
For documentation on this error, please visit: http://seleniumhq.org/exceptions/no_such_element.html
Build info: version: &#039;2.53.1&#039;, revision: &#039;a36b8b1cd5757287168e54b817830adce9b0158d&#039;, time: &#039;2016-06-30 19:26:09&#039;
System info: host: &#039;USPL5VDR0L2&#039;, ip: &#039;192.168.56.1&#039;, os.name: &#039;Windows 7&#039;, os.arch: &#039;amd64&#039;, os.version: &#039;6.1&#039;, java.version: &#039;1.8.0_162&#039;
Driver info: io.appium.java_client.ios.IOSDriver
Capabilities [{device.majorVersion=11.0.x, dontGoHomeOnQuit=false, device.os=iOS, noReset=false, dontStopAppOnReset=false, reservationDuration=240, reportFormat=xml, fullReset=false, platform=ANY, desired={app=cloud:com.consul.smartbeer-staging, deviceQuery=@serialnumber=&#039;5f354f456c655f1cfa05be9a63139072f9e67fe2&#039;, bundleId=com.consul.smartbeer-staging, reportDirectory=reports, reportFormat=xml, platformName=iOS, testName=wp_TED_Iphone6CadastroBranco}, device.serialNumber=5f354f456c655f1cfa05be9a63139072f9e67fe2, locationServicesAuthorized=false, device.version=11.2.2, deviceQuery=@serialnumber=&#039;5f354f456c655f1cfa05be9a63139072f9e67fe2&#039;, automationName=XCUITest, reportDirectory=reports, autoWebview=false, platformName=iOS, testName=wp_TED_Iphone6CadastroBranco, device.screenSize=750x1334, useKeystore=false, app=cloud:com.consul.smartbeer-staging, cloudViewLink=http://null/agent-159034/#/1QcoXbADxAzhIyQ8?1
Picked up Grid Node (seetest_7805)
Reserved Device : iPhone 6, device.manufacture=Apple, instrumentApp=false, device.category=PHONE, bundleId=com.consul.smartbeer-staging, autoDismissAlerts=false, reportUrl=http://reporter.seetest.io/#/test/293, keystorePath=~/.android/debug.keystore, waitForDeviceTimeout=120000, device.model=iPhone 6, device.name=iPhone 6, projectName=, gridNodePort=7805, autoAcceptAlerts=false}]
Session ID: CLOUD-SID:2018-03-22_14-26-14-80a31651-d2f0-463d-a350-23f6e6a59e1a
*** Element info: {Using=xpath, value=//*[@id=&#039;password_view&#039;]}">
      <![CDATA[org.openqa.selenium.NoSuchElementException: no such element (An element could not be located on the page using the given search parameters (XPATH='//*[@id='password_view']'))  (WARNING: The server did not provide any stacktrace information)
Command duration or timeout: 1.75 seconds
For documentation on this error, please visit: http://seleniumhq.org/exceptions/no_such_element.html
Build info: version: '2.53.1', revision: 'a36b8b1cd5757287168e54b817830adce9b0158d', time: '2016-06-30 19:26:09'
System info: host: 'USPL5VDR0L2', ip: '192.168.56.1', os.name: 'Windows 7', os.arch: 'amd64', os.version: '6.1', java.version: '1.8.0_162'
Driver info: io.appium.java_client.ios.IOSDriver
Capabilities [{device.majorVersion=11.0.x, dontGoHomeOnQuit=false, device.os=iOS, noReset=false, dontStopAppOnReset=false, reservationDuration=240, reportFormat=xml, fullReset=false, platform=ANY, desired={app=cloud:com.consul.smartbeer-staging, deviceQuery=@serialnumber='5f354f456c655f1cfa05be9a63139072f9e67fe2', bundleId=com.consul.smartbeer-staging, reportDirectory=reports, reportFormat=xml, platformName=iOS, testName=wp_TED_Iphone6CadastroBranco}, device.serialNumber=5f354f456c655f1cfa05be9a63139072f9e67fe2, locationServicesAuthorized=false, device.version=11.2.2, deviceQuery=@serialnumber='5f354f456c655f1cfa05be9a63139072f9e67fe2', automationName=XCUITest, reportDirectory=reports, autoWebview=false, platformName=iOS, testName=wp_TED_Iphone6CadastroBranco, device.screenSize=750x1334, useKeystore=false, app=cloud:com.consul.smartbeer-staging, cloudViewLink=http://null/agent-159034/#/1QcoXbADxAzhIyQ8?1
Picked up Grid Node (seetest_7805)
Reserved Device : iPhone 6, device.manufacture=Apple, instrumentApp=false, device.category=PHONE, bundleId=com.consul.smartbeer-staging, autoDismissAlerts=false, reportUrl=http://reporter.seetest.io/#/test/293, keystorePath=~/.android/debug.keystore, waitForDeviceTimeout=120000, device.model=iPhone 6, device.name=iPhone 6, projectName=, gridNodePort=7805, autoAcceptAlerts=false}]
Session ID: CLOUD-SID:2018-03-22_14-26-14-80a31651-d2f0-463d-a350-23f6e6a59e1a
*** Element info: {Using=xpath, value=//*[@id='password_view']}
	at sun.reflect.NativeConstructorAccessorImpl.newInstance0(Native Method)
	at sun.reflect.NativeConstructorAccessorImpl.newInstance(Unknown Source)
	at sun.reflect.DelegatingConstructorAccessorImpl.newInstance(Unknown Source)
	at java.lang.reflect.Constructor.newInstance(Unknown Source)
	at org.openqa.selenium.remote.ErrorHandler.createThrowable(ErrorHandler.java:206)
	at org.openqa.selenium.remote.ErrorHandler.throwIfResponseFailed(ErrorHandler.java:158)
	at org.openqa.selenium.remote.RemoteWebDriver.execute(RemoteWebDriver.java:678)
	at io.appium.java_client.DefaultGenericMobileDriver.execute(DefaultGenericMobileDriver.java:40)
	at io.appium.java_client.AppiumDriver.execute(AppiumDriver.java:1)
	at io.appium.java_client.ios.IOSDriver.execute(IOSDriver.java:1)
	at org.openqa.selenium.remote.RemoteWebDriver.findElement(RemoteWebDriver.java:363)
	at io.appium.java_client.DefaultGenericMobileDriver.findElement(DefaultGenericMobileDriver.java:56)
	at io.appium.java_client.AppiumDriver.findElement(AppiumDriver.java:1)
	at io.appium.java_client.ios.IOSDriver.findElement(IOSDriver.java:1)
	at org.openqa.selenium.remote.RemoteWebDriver.findElementByXPath(RemoteWebDriver.java:500)
	at io.appium.java_client.DefaultGenericMobileDriver.findElementByXPath(DefaultGenericMobileDriver.java:134)
	at io.appium.java_client.AppiumDriver.findElementByXPath(AppiumDriver.java:1)
	at io.appium.java_client.ios.IOSDriver.findElementByXPath(IOSDriver.java:1)
	at org.openqa.selenium.By$ByXPath.findElement(By.java:361)
	at org.openqa.selenium.remote.RemoteWebDriver.findElement(RemoteWebDriver.java:355)
	at io.appium.java_client.DefaultGenericMobileDriver.findElement(DefaultGenericMobileDriver.java:52)
	at io.appium.java_client.AppiumDriver.findElement(AppiumDriver.java:1)
	at io.appium.java_client.ios.IOSDriver.findElement(IOSDriver.java:1)
	at apptest.WP_CadastroInvalidoIOS.testecadastroinvalidoIOS(WP_CadastroInvalidoIOS.java:50)
	at sun.reflect.NativeMethodAccessorImpl.invoke0(Native Method)
	at sun.reflect.NativeMethodAccessorImpl.invoke(Unknown Source)
	at sun.reflect.DelegatingMethodAccessorImpl.invoke(Unknown Source)
	at java.lang.reflect.Method.invoke(Unknown Source)
	at org.testng.internal.MethodInvocationHelper.invokeMethod(MethodInvocationHelper.java:85)
	at org.testng.internal.Invoker.invokeMethod(Invoker.java:639)
	at org.testng.internal.Invoker.invokeTestMethod(Invoker.java:816)
	at org.testng.internal.Invoker.invokeTestMethods(Invoker.java:1124)
	at org.testng.internal.TestMethodWorker.invokeTestMethods(TestMethodWorker.java:125)
	at org.testng.internal.TestMethodWorker.run(TestMethodWorker.java:108)
	at org.testng.TestRunner.privateRun(TestRunner.java:774)
	at org.testng.TestRunner.run(TestRunner.java:624)
	at org.testng.SuiteRunner.runTest(SuiteRunner.java:359)
	at org.testng.SuiteRunner.runSequentially(SuiteRunner.java:354)
	at org.testng.SuiteRunner.privateRun(SuiteRunner.java:312)
	at org.testng.SuiteRunner.run(SuiteRunner.java:261)
	at org.testng.SuiteRunnerWorker.runSuite(SuiteRunnerWorker.java:52)
	at org.testng.SuiteRunnerWorker.run(SuiteRunnerWorker.java:86)
	at org.testng.TestNG.runSuitesSequentially(TestNG.java:1215)
	at org.testng.TestNG.runSuitesLocally(TestNG.java:1140)
	at org.testng.TestNG.run(TestNG.java:1048)
	at org.testng.remote.AbstractRemoteTestNG.run(AbstractRemoteTestNG.java:114)
	at org.testng.remote.RemoteTestNG.initAndRun(RemoteTestNG.java:251)
	at org.testng.remote.RemoteTestNG.main(RemoteTestNG.java:77)
]]>
    </error>
  </testcase> <!-- testecadastroinvalidoIOS -->
</testsuite> <!-- apptest.WP_CadastroInvalidoIOS -->
